This is pdfTeX, Version 3.141592653-2.6-1.40.24 (MiKTeX 22.10) (preloaded format=pdflatex 2022.11.9)  27 APR 2023 13:27
entering extended mode
 restricted \write18 enabled.
 %&-line parsing enabled.
**./MA5678_biology_22-23.tex
(MA5678_biology_22-23.tex
LaTeX2e <2022-06-01> patch level 5
L3 programming layer <2022-09-28>
(C:\Users\David.Blair\AppData\Local\Programs\MiKTeX\tex/latex/base\article.cls
Document Class: article 2021/10/04 v1.4n Standard LaTeX document class
(C:\Users\David.Blair\AppData\Local\Programs\MiKTeX\tex/latex/base\size12.clo
File: size12.clo 2021/10/04 v1.4n Standard LaTeX file (size option)
)
\c@part=\count185
\c@section=\count186
\c@subsection=\count187
\c@subsubsection=\count188
\c@paragraph=\count189
\c@subparagraph=\count190
\c@figure=\count191
\c@table=\count192
\abovecaptionskip=\skip47
\belowcaptionskip=\skip48
\bibindent=\dimen138
)
(C:\Users\David.Blair\AppData\Local\Programs\MiKTeX\tex/latex/graphics\graphicx
.sty
Package: graphicx 2021/09/16 v1.2d Enhanced LaTeX Graphics (DPC,SPQR)

(C:\Users\David.Blair\AppData\Local\Programs\MiKTeX\tex/latex/graphics\keyval.s
ty
Package: keyval 2022/05/29 v1.15 key=value parser (DPC)
\KV@toks@=\toks16
)
(C:\Users\David.Blair\AppData\Local\Programs\MiKTeX\tex/latex/graphics\graphics
.sty
Package: graphics 2022/03/10 v1.4e Standard LaTeX Graphics (DPC,SPQR)

(C:\Users\David.Blair\AppData\Local\Programs\MiKTeX\tex/latex/graphics\trig.sty
Package: trig 2021/08/11 v1.11 sin cos tan (DPC)
)
(C:\Users\David.Blair\AppData\Local\Programs\MiKTeX\tex/latex/graphics-cfg\grap
hics.cfg
File: graphics.cfg 2016/06/04 v1.11 sample graphics configuration
)
Package graphics Info: Driver file: dvips.def on input line 107.

(C:\Users\David.Blair\AppData\Local\Programs\MiKTeX\tex/latex/graphics-def\dvip
s.def
File: dvips.def 2022/09/22 v3.1e Graphics/color driver for dvips
\stockwidth=\dimen139
\stockheight=\dimen140
))
\Gin@req@height=\dimen141
\Gin@req@width=\dimen142
)
(C:\Users\David.Blair\AppData\Local\Programs\MiKTeX\tex/latex/base\latexsym.sty
Package: latexsym 1998/08/17 v2.2e Standard LaTeX package (lasy symbols)
\symlasy=\mathgroup4
LaTeX Font Info:    Overwriting symbol font `lasy' in version `bold'
(Font)                  U/lasy/m/n --> U/lasy/b/n on input line 52.
)
(C:\Users\David.Blair\AppData\Local\Programs\MiKTeX\tex/latex/graphics\epsfig.s
ty
Package: epsfig 2017/06/25 v1.7b (e)psfig emulation (SPQR)
\epsfxsize=\dimen143
\epsfysize=\dimen144
)
(C:\Users\David.Blair\AppData\Local\Programs\MiKTeX\tex/latex/pstricks\pst-all.
sty
Package: pst-all 2008/01/01 the main pstricks tools

(C:\Users\David.Blair\AppData\Local\Programs\MiKTeX\tex/latex/pstricks\pstricks
.sty
Package: pstricks 2022/19/23 v0.72 LaTeX wrapper for `PSTricks' (RN,HV)

(C:\Users\David.Blair\AppData\Local\Programs\MiKTeX\tex/generic/iftex\iftex.sty
Package: iftex 2022/02/03 v1.0f TeX engine tests
)
(C:\Users\David.Blair\AppData\Local\Programs\MiKTeX\tex/latex/xcolor\xcolor.sty
Package: xcolor 2022/06/12 v2.14 LaTeX color extensions (UK)

(C:\Users\David.Blair\AppData\Local\Programs\MiKTeX\tex/latex/graphics-cfg\colo
r.cfg
File: color.cfg 2016/01/02 v1.6 sample color configuration
)
Package xcolor Info: Driver file: pdftex.def on input line 227.

(C:\Users\David.Blair\AppData\Local\Programs\MiKTeX\tex/latex/graphics-def\pdft
ex.def
File: pdftex.def 2022/09/22 v1.2b Graphics/color driver for pdftex
)
(C:\Users\David.Blair\AppData\Local\Programs\MiKTeX\tex/latex/graphics\mathcolo
r.ltx)
Package xcolor Info: Model `cmy' substituted by `cmy0' on input line 1353.
Package xcolor Info: Model `RGB' extended on input line 1369.
Package xcolor Info: Model `HTML' substituted by `rgb' on input line 1371.
Package xcolor Info: Model `Hsb' substituted by `hsb' on input line 1372.
Package xcolor Info: Model `tHsb' substituted by `hsb' on input line 1373.
Package xcolor Info: Model `HSB' substituted by `hsb' on input line 1374.
Package xcolor Info: Model `Gray' substituted by `gray' on input line 1375.
Package xcolor Info: Model `wave' substituted by `hsb' on input line 1376.
)
(C:\Users\David.Blair\AppData\Local\Programs\MiKTeX\tex/generic/xkeyval\pst-xke
y.tex
File: pst-xkey.tex 2005/11/25 v1.6 PSTricks specialization of xkeyval (HA)

(C:\Users\David.Blair\AppData\Local\Programs\MiKTeX\tex/latex/xkeyval\xkeyval.s
ty
Package: xkeyval 2022/06/16 v2.9 package option processing (HA)

(C:\Users\David.Blair\AppData\Local\Programs\MiKTeX\tex/generic/xkeyval\xkeyval
.tex
(C:\Users\David.Blair\AppData\Local\Programs\MiKTeX\tex/generic/xkeyval\xkvutil
s.tex
\XKV@toks=\toks17
\XKV@tempa@toks=\toks18
)
\XKV@depth=\count193
File: xkeyval.tex 2014/12/03 v2.7a key=value parser (HA)
)))
(C:\Users\David.Blair\AppData\Local\Programs\MiKTeX\tex/generic/pstricks\pstric
ks.tex
(C:\Users\David.Blair\AppData\Local\Programs\MiKTeX\tex/generic/pstricks\pst-fp
.tex `pst-fp' v0.06, 2020/11/20 (hv)
\pstFP@xs=\count194
\pstFP@xia=\count195
\pstFP@xib=\count196
\pstFP@xfa=\count197
\pstFP@xfb=\count198
\pstFP@rega=\count199
\pstFP@regb=\count266
\pstFP@regs=\count267
\pstFP@times=\count268
)
(C:\Users\David.Blair\AppData\Local\Programs\MiKTeX\tex/latex/pgf/utilities\pgf
for.sty
(C:\Users\David.Blair\AppData\Local\Programs\MiKTeX\tex/latex/pgf/utilities\pgf
rcs.sty
(C:\Users\David.Blair\AppData\Local\Programs\MiKTeX\tex/generic/pgf/utilities\p
gfutil-common.tex
\pgfutil@everybye=\toks19
\pgfutil@tempdima=\dimen145
\pgfutil@tempdimb=\dimen146

(C:\Users\David.Blair\AppData\Local\Programs\MiKTeX\tex/generic/pgf/utilities\p
gfutil-common-lists.tex))
(C:\Users\David.Blair\AppData\Local\Programs\MiKTeX\tex/generic/pgf/utilities\p
gfutil-latex.def
\pgfutil@abb=\box51
)
(C:\Users\David.Blair\AppData\Local\Programs\MiKTeX\tex/generic/pgf/utilities\p
gfrcs.code.tex
(C:\Users\David.Blair\AppData\Local\Programs\MiKTeX\tex/generic/pgf\pgf.revisio
n.tex)
Package: pgfrcs 2021/05/15 v3.1.9a (3.1.9a)
))
(C:\Users\David.Blair\AppData\Local\Programs\MiKTeX\tex/latex/pgf/utilities\pgf
keys.sty
(C:\Users\David.Blair\AppData\Local\Programs\MiKTeX\tex/generic/pgf/utilities\p
gfkeys.code.tex
\pgfkeys@pathtoks=\toks20
\pgfkeys@temptoks=\toks21

(C:\Users\David.Blair\AppData\Local\Programs\MiKTeX\tex/generic/pgf/utilities\p
gfkeysfiltered.code.tex
\pgfkeys@tmptoks=\toks22
)))
(C:\Users\David.Blair\AppData\Local\Programs\MiKTeX\tex/latex/pgf/math\pgfmath.
sty
(C:\Users\David.Blair\AppData\Local\Programs\MiKTeX\tex/generic/pgf/math\pgfmat
h.code.tex
(C:\Users\David.Blair\AppData\Local\Programs\MiKTeX\tex/generic/pgf/math\pgfmat
hcalc.code.tex
(C:\Users\David.Blair\AppData\Local\Programs\MiKTeX\tex/generic/pgf/math\pgfmat
hutil.code.tex
\pgf@x=\dimen147
\pgf@xa=\dimen148
\pgf@xb=\dimen149
\pgf@xc=\dimen150
\pgf@y=\dimen151
\pgf@ya=\dimen152
\pgf@yb=\dimen153
\pgf@yc=\dimen154
\c@pgf@counta=\count269
\c@pgf@countb=\count270
\c@pgf@countc=\count271
\c@pgf@countd=\count272
)
(C:\Users\David.Blair\AppData\Local\Programs\MiKTeX\tex/generic/pgf/math\pgfmat
hparser.code.tex
\pgfmath@dimen=\dimen155
\pgfmath@count=\count273
\pgfmath@box=\box52
\pgfmath@toks=\toks23
\pgfmath@stack@operand=\toks24
\pgfmath@stack@operation=\toks25
)
(C:\Users\David.Blair\AppData\Local\Programs\MiKTeX\tex/generic/pgf/math\pgfmat
hfunctions.code.tex
(C:\Users\David.Blair\AppData\Local\Programs\MiKTeX\tex/generic/pgf/math\pgfmat
hfunctions.basic.code.tex)
(C:\Users\David.Blair\AppData\Local\Programs\MiKTeX\tex/generic/pgf/math\pgfmat
hfunctions.trigonometric.code.tex)
(C:\Users\David.Blair\AppData\Local\Programs\MiKTeX\tex/generic/pgf/math\pgfmat
hfunctions.random.code.tex)
(C:\Users\David.Blair\AppData\Local\Programs\MiKTeX\tex/generic/pgf/math\pgfmat
hfunctions.comparison.code.tex)
(C:\Users\David.Blair\AppData\Local\Programs\MiKTeX\tex/generic/pgf/math\pgfmat
hfunctions.base.code.tex)
(C:\Users\David.Blair\AppData\Local\Programs\MiKTeX\tex/generic/pgf/math\pgfmat
hfunctions.round.code.tex)
(C:\Users\David.Blair\AppData\Local\Programs\MiKTeX\tex/generic/pgf/math\pgfmat
hfunctions.misc.code.tex)
(C:\Users\David.Blair\AppData\Local\Programs\MiKTeX\tex/generic/pgf/math\pgfmat
hfunctions.integerarithmetics.code.tex)))
(C:\Users\David.Blair\AppData\Local\Programs\MiKTeX\tex/generic/pgf/math\pgfmat
hfloat.code.tex
\c@pgfmathroundto@lastzeros=\count274
)))
(C:\Users\David.Blair\AppData\Local\Programs\MiKTeX\tex/generic/pgf/utilities\p
gffor.code.tex
Package: pgffor 2021/05/15 v3.1.9a (3.1.9a)

(C:\Users\David.Blair\AppData\Local\Programs\MiKTeX\tex/generic/pgf/math\pgfmat
h.code.tex)
\pgffor@iter=\dimen156
\pgffor@skip=\dimen157
\pgffor@stack=\toks26
\pgffor@toks=\toks27
))
\psLoopIndex=\count275

`PSTricks' v3.17  <2022/10/23> (tvz,hv)
\pst@dima=\dimen158
\pst@dimb=\dimen159
\pst@dimc=\dimen160
\pst@dimd=\dimen161
\pst@dimg=\dimen162
\pst@dimh=\dimen163
\pst@dimm=\dimen164
\pst@dimn=\dimen165
\pst@dimo=\dimen166
\pst@dimp=\dimen167
\pst@hbox=\box53
\pst@ibox=\box54
\pst@boxg=\box55
\pst@cnta=\count276
\pst@cntb=\count277
\pst@cntc=\count278
\pst@cntd=\count279
\pst@cntg=\count280
\pst@cnth=\count281
\pst@cntm=\count282
\pst@cntn=\count283
\pst@cnto=\count284
\pst@cntp=\count285
\@zero=\count286
\pst@toks=\toks28
--- We are running latex or xelatex ---

(C:\Users\David.Blair\AppData\Local\Programs\MiKTeX\tex/generic/pstricks\pstric
ks.con)
(C:\Users\David.Blair\AppData\Local\Programs\MiKTeX\tex/generic/pstricks\pstric
ks-color.tex)
\psunit=\dimen168
\psxunit=\dimen169
\psyunit=\dimen170
\pst@C@@rType=\count287
\pslinewidth=\dimen171
\psk@startLW=\dimen172
\psk@endLW=\dimen173

(C:\Users\David.Blair\AppData\Local\Programs\MiKTeX\tex/generic/pstricks\pstric
ks-arrows.tex
\pshooklength=\dimen174
\pshookwidth=\dimen175
)
\pst@customdefs=\toks29

(C:\Users\David.Blair\AppData\Local\Programs\MiKTeX\tex/generic/pstricks\pstric
ks-dots.tex)
\pslinearc=\dimen176
\pst@symbolStep=\dimen177
\pst@symbolWidth=\dimen178
\pst@symbolLinewidth=\dimen179
\everypsbox=\toks30
\psframesep=\dimen180
\pslabelsep=\dimen181
\sh@wgridXunit=\dimen182
\sh@wgridYunit=\dimen183
\pst@shift=\dimen184
\ps@imagectr=\count288

(C:\Users\David.Blair\AppData\Local\Programs\MiKTeX\tex/generic/pstricks\pstric
ks.con))
File: pstricks.tex 2022/10/23 v3.17 `PSTricks' (tvz,hv)

(C:\Users\David.Blair\AppData\Local\Programs\MiKTeX\tex/generic/pstricks\pst-fp
.tex `pst-fp' v0.06, 2020/11/20 (hv))
File: pst-fp.tex 2020/11/20 v0.06 `PST-fp' (hv)
)
(C:\Users\David.Blair\AppData\Local\Programs\MiKTeX\tex/latex/pst-plot\pst-plot
.sty
Package: pst-plot 2011/06/05 v1.00 LaTeX wrapper for `pst-plot' (HV)

(C:\Users\David.Blair\AppData\Local\Programs\MiKTeX\tex/latex/xkeyval\pst-xkey.
sty
Package: pst-xkey 2005/11/25 v1.6 package wrapper for pst-xkey.tex (HA)
)
(C:\Users\David.Blair\AppData\Local\Programs\MiKTeX\tex/latex/multido\multido.s
ty
Package: multido 2004/05/17 package wrapper for PSTricks `multido.tex', (HV/RN)


(C:\Users\David.Blair\AppData\Local\Programs\MiKTeX\tex/generic/multido\multido
.tex  v1.42, 2010/05/14 <tvz>
\multido@count=\count289
\multidocount=\count290
\multido@stuff=\toks31
)
File: multido.tex 2010/05/14 v1.42 `multido' (tvz,hv)
)
Package: pst-plot 2021/09/23 package wrapper for pst-plot.tex (hv)

(C:\Users\David.Blair\AppData\Local\Programs\MiKTeX\tex/generic/pst-plot\pst-pl
ot.tex
(C:\Users\David.Blair\AppData\Local\Programs\MiKTeX\tex/generic/pst-tools\pst-t
ools.tex `PST-tools' v0.12, 2021/09/23 (hv)
\randomi=\count291
\ranval=\count292
)
(C:\Users\David.Blair\AppData\Local\Programs\MiKTeX\tex/generic/pstricks-add\ps
tricks-add.tex
(C:\Users\David.Blair\AppData\Local\Programs\MiKTeX\tex/generic/pst-node\pst-no
de.tex  v1.43, 2022/01/31
\psrow=\count293
\pscol=\count294
\psmatrixcnt=\count295
\psrowsep=\skip49
\pscolsep=\skip50
\pst@args=\count296
\num@pts=\count297
\pst@argcnt=\count298
)
(C:\Users\David.Blair\AppData\Local\Programs\MiKTeX\tex/generic/pst-arrow\pst-a
rrow.tex `pst-arrow' v0.05, 2021/11/16 (dr,hv))
(C:\Users\David.Blair\AppData\Local\Programs\MiKTeX\tex/generic/pst-3d\pst-3d.t
ex `PST-3d' v1.11, 2010/02/14 (tvz))
(C:\Users\David.Blair\AppData\Local\Programs\MiKTeX\tex/generic/pst-math\pst-ma
th.tex `pst-math' v0.64 , (CJ,hv)) `pstricks-add' v3.91, 2021/09/25 (dr,hv)
\psparallelogramsep=\dimen185
\pst@cntC=\count299
\pst@stepcount=\count300
\chart@ColorIndex=\dimen186
\chart@ColorStep=\dimen187
\pst@chartHeight=\dimen188
\pst@chartStackDepth=\dimen189
\pst@chartStackWidth=\dimen190
\chart@Toggle=\count301
\psVectorCtr=\count302
)
 v1.93, 2021/09/23 (tvz,hv)
\pstRadUnit=\dimen191
\pstRadUnitInv=\dimen192
\pst@linecnt=\count303
\RCD@file=\read2
\psxlabelsep=\dimen193
\psylabelsep=\dimen194
\psk@subticksize=\dimen195
\pst@xticksizeA=\dimen196
\pst@xticksizeB=\dimen197
\pst@xticksizeC=\dimen198
\pst@yticksizeA=\dimen199
\pst@yticksizeB=\dimen256
\pst@yticksizeC=\dimen257
\@digitcounter=\count304
\psk@llx=\dimen258
\psk@lly=\dimen259
\psk@urx=\dimen260
\psk@ury=\dimen261
\pst@xunit=\dimen262
\pst@yunit=\dimen263
)
File: pst-plot.tex 2021/09/23 1.93 `pst-plot' (tvz,hv)
)
(C:\Users\David.Blair\AppData\Local\Programs\MiKTeX\tex/latex/pst-node\pst-node
.sty
Package: pst-node 2012/09/18 v1.01 LaTeX wrapper for `pst-node' (HV)
Package: pst-node 2010/04/22 package wrapper for pst-node.tex

(C:\Users\David.Blair\AppData\Local\Programs\MiKTeX\tex/generic/pst-node\pst-no
de.tex)
File: pst-node.tex 2021/09/23 1.93 `pst-node' (tvz,hv)
)
(C:\Users\David.Blair\AppData\Local\Programs\MiKTeX\tex/latex/pst-tree\pst-tree
.sty
Package: pst-tree 2009/01/25 package wrapper for pst-tree.tex

(C:\Users\David.Blair\AppData\Local\Programs\MiKTeX\tex/generic/pst-tree\pst-tr
ee.tex  v1.14, 2021/09/04(tvz,dg,hv)
\pstree@rootbox=\box56
\pstree@box=\box57
\psnodecnt=\count305
\pstreelevel=\count306
\pstreecnt=\count307
\pstree@cnt=\count308
\pstree@stop=\count309
)
File: pst-tree.tex 2021/09/04 1.14 `pst-tree' (tvz,hv)
)
(C:\Users\David.Blair\AppData\Local\Programs\MiKTeX\tex/latex/pst-grad\pst-grad
.sty
Package: pst-grad 2004/07/15 package wrapper for pst-grad.tex (hv)

(C:\Users\David.Blair\AppData\Local\Programs\MiKTeX\tex/generic/pst-grad\pst-gr
ad.tex `pst-grad' v1.06, 2006/11/27 (tvz,dg,hv))
File: pst-grad.tex 2006/11/27 1.06 `pst-grad' (tvz)
)
(C:\Users\David.Blair\AppData\Local\Programs\MiKTeX\tex/latex/pst-coil\pst-coil
.sty
Package: pst-coil 2010/02/01 package wrapper for pst-coil.tex (hv)

(C:\Users\David.Blair\AppData\Local\Programs\MiKTeX\tex/generic/pst-coil\pst-co
il.tex  v1.06, 2006/11/27
(C:\Users\David.Blair\AppData\Local\Programs\MiKTeX\tex/generic/pst-node\pst-no
de.tex))
File: pst-coil.tex 2015/05/13 v1.07 `PST-coil' (tvz,hv)
)
(C:\Users\David.Blair\AppData\Local\Programs\MiKTeX\tex/latex/pst-text\pst-text
.sty
Package: pst-text 2018/12/28 package wrapper for pst-text.tex (hv)

(C:\Users\David.Blair\AppData\Local\Programs\MiKTeX\tex/generic/pst-text\pst-te
xt.tex  v1.01, 2018/12/22(tvz,hv))
File: pst-text.tex 2018/12/22 1.01 `pst-text' (tvz)
)
(C:\Users\David.Blair\AppData\Local\Programs\MiKTeX\tex/latex/pst-3d\pst-3d.sty
Package: pst-3d 2009/07/28 package wrapper for pst-3d.tex (hv)

(C:\Users\David.Blair\AppData\Local\Programs\MiKTeX\tex/generic/pst-3d\pst-3d.t
ex)
File: pst-3d.tex 2018/12/22 v1.01 `PST-3d' (hv)
)
(C:\Users\David.Blair\AppData\Local\Programs\MiKTeX\tex/latex/pst-eps\pst-eps.s
ty
Package: pst-eps 2005/05/20 package wrapper for pst-eps.tex (hv)

(C:\Users\David.Blair\AppData\Local\Programs\MiKTeX\tex/generic/pst-eps\pst-eps
.tex  v1.00, 2006/11/04
\pst@epsout=\write3
\pst@tempout=\write4
)
File: pst-eps.tex 2006/11/04 1.00 `pst-eps' (tvz)
)
(C:\Users\David.Blair\AppData\Local\Programs\MiKTeX\tex/latex/pst-fill\pst-fill
.sty
Package: pst-fill 2010/03/20 package wrapper for pst-fill.tex (hv)

(C:\Users\David.Blair\AppData\Local\Programs\MiKTeX\tex/generic/pst-fill\pst-fi
ll.tex `PST-Fill' v1.02, 2021/10/01 (tvz,dg,hv)
\pst@fillbox=\box58
)
File: pst-fill.tex 2021/10/01 v1.02 `PST-fill' (tvz,dg,hv)
)
(C:\Users\David.Blair\AppData\Local\Programs\MiKTeX\tex/latex/pstricks-add\pstr
icks-add.sty
(C:\Users\David.Blair\AppData\Local\Programs\MiKTeX\tex/latex/pst-math\pst-math
.sty
Package: pst-math 2018/12/16 v 0.65 package wrapper for PSTricks pst-math.tex

(C:\Users\David.Blair\AppData\Local\Programs\MiKTeX\tex/latex/pst-calculate\pst
-calculate.sty
Package: pst-calculate 2019/01/24 v. 0.02(Herbert Voss) Support for caculations
 with floating point numbers.

(C:\Users\David.Blair\AppData\Local\Programs\MiKTeX\tex/latex/l3packages/xparse
\xparse.sty
(C:\Users\David.Blair\AppData\Local\Programs\MiKTeX\tex/latex/l3kernel\expl3.st
y
Package: expl3 2022-09-28 L3 programming layer (loader) 

(C:\Users\David.Blair\AppData\Local\Programs\MiKTeX\tex/latex/l3backend\l3backe
nd-pdftex.def
File: l3backend-pdftex.def 2022-09-28 L3 backend support: PDF output (pdfTeX)
\l__color_backend_stack_int=\count310
\l__pdf_internal_box=\box59
))
Package: xparse 2022-06-22 L3 Experimental document command parser
)
(C:\Users\David.Blair\AppData\Local\Programs\MiKTeX\tex/latex/siunitx\siunitx.s
ty
Package: siunitx 2022-10-23 v3.1.9 A comprehensive (SI) units package
\l__siunitx_angle_tmp_dim=\dimen264
\l__siunitx_angle_marker_box=\box60
\l__siunitx_angle_unit_box=\box61
\l__siunitx_compound_count_int=\count311

(C:\Users\David.Blair\AppData\Local\Programs\MiKTeX\tex/latex/translations\tran
slations.sty
Package: translations 2022/02/05 v1.12 internationalization of LaTeX2e packages
 (CN)

(C:\Users\David.Blair\AppData\Local\Programs\MiKTeX\tex/latex/etoolbox\etoolbox
.sty
Package: etoolbox 2020/10/05 v2.5k e-TeX tools for LaTeX (JAW)
\etb@tempcnta=\count312
)
(C:\Users\David.Blair\AppData\Local\Programs\MiKTeX\tex/generic/pdftexcmds\pdft
excmds.sty
Package: pdftexcmds 2020-06-27 v0.33 Utility functions of pdfTeX for LuaTeX (HO
)

(C:\Users\David.Blair\AppData\Local\Programs\MiKTeX\tex/generic/infwarerr\infwa
rerr.sty
Package: infwarerr 2019/12/03 v1.5 Providing info/warning/error messages (HO)
)
(C:\Users\David.Blair\AppData\Local\Programs\MiKTeX\tex/generic/ltxcmds\ltxcmds
.sty
Package: ltxcmds 2020-05-10 v1.25 LaTeX kernel commands for general use (HO)
)
Package pdftexcmds Info: \pdf@primitive is available.
Package pdftexcmds Info: \pdf@ifprimitive is available.
Package pdftexcmds Info: \pdfdraftmode found.
))
\l__siunitx_number_exponent_fixed_int=\count313
\l__siunitx_number_min_decimal_int=\count314
\l__siunitx_number_min_integer_int=\count315
\l__siunitx_number_round_precision_int=\count316
\l__siunitx_number_group_first_int=\count317
\l__siunitx_number_group_size_int=\count318
\l__siunitx_number_group_minimum_int=\count319

(C:\Users\David.Blair\AppData\Local\Programs\MiKTeX\tex/latex/amsmath\amstext.s
ty
Package: amstext 2021/08/26 v2.01 AMS text

(C:\Users\David.Blair\AppData\Local\Programs\MiKTeX\tex/latex/amsmath\amsgen.st
y
File: amsgen.sty 1999/11/30 v2.0 generic functions
\@emptytoks=\toks32
\ex@=\dimen265
))
\l__siunitx_table_tmp_box=\box62
\l__siunitx_table_tmp_dim=\dimen266
\l__siunitx_table_column_width_dim=\dimen267
\l__siunitx_table_integer_box=\box63
\l__siunitx_table_decimal_box=\box64
\l__siunitx_table_before_box=\box65
\l__siunitx_table_after_box=\box66
\l__siunitx_table_before_dim=\dimen268
\l__siunitx_table_carry_dim=\dimen269
\l__siunitx_unit_tmp_int=\count320
\l__siunitx_unit_position_int=\count321
\l__siunitx_unit_total_int=\count322

(C:\Users\David.Blair\AppData\Local\Programs\MiKTeX\tex/latex/tools\array.sty
Package: array 2022/03/10 v2.5f Tabular extension package (FMi)
\col@sep=\dimen270
\ar@mcellbox=\box67
\extrarowheight=\dimen271
\NC@list=\toks33
\extratabsurround=\skip51
\backup@length=\skip52
\ar@cellbox=\box68
)))
(C:\Users\David.Blair\AppData\Local\Programs\MiKTeX\tex/generic/iftex\ifluatex.
sty
Package: ifluatex 2019/10/25 v1.5 ifluatex legacy package. Use iftex instead.
)
(C:\Users\David.Blair\AppData\Local\Programs\MiKTeX\tex/latex/xstring\xstring.s
ty
(C:\Users\David.Blair\AppData\Local\Programs\MiKTeX\tex/generic/xstring\xstring
.tex
\integerpart=\count323
\decimalpart=\count324
)
Package: xstring 2021/07/21 v1.84 String manipulations (CT)
)
(C:\Users\David.Blair\AppData\Local\Programs\MiKTeX\tex/generic/pst-math\pst-ma
th.tex)
File: pst-math.tex 2021/10/01 v1.02 `PST-math' (hv)
\c@Rand@No=\count325
\c@Random@Left=\count326
\c@Random@Right=\count327
\c@Random@No@max=\count328
)
Package: pstricks-add 2021/09/10 v. 0.17 package wrapper for pstricks-add.tex (
hv)

(C:\Users\David.Blair\AppData\Local\Programs\MiKTeX\tex/generic/pstricks-add\ps
tricks-add.tex)
File: pstricks-add.tex 2021/10/01 v1.02 `PSTricks-add' (hv)
))
(C:\Users\David.Blair\AppData\Local\Programs\MiKTeX\tex/latex/amsfonts\amssymb.
sty
Package: amssymb 2013/01/14 v3.01 AMS font symbols

(C:\Users\David.Blair\AppData\Local\Programs\MiKTeX\tex/latex/amsfonts\amsfonts
.sty
Package: amsfonts 2013/01/14 v3.01 Basic AMSFonts support
\symAMSa=\mathgroup5
\symAMSb=\mathgroup6
LaTeX Font Info:    Redeclaring math symbol \hbar on input line 98.
LaTeX Font Info:    Overwriting math alphabet `\mathfrak' in version `bold'
(Font)                  U/euf/m/n --> U/euf/b/n on input line 106.
))
(C:\Users\David.Blair\AppData\Local\Programs\MiKTeX\tex/latex/amscls\amsthm.sty
Package: amsthm 2020/05/29 v2.20.6
\thm@style=\toks34
\thm@bodyfont=\toks35
\thm@headfont=\toks36
\thm@notefont=\toks37
\thm@headpunct=\toks38
\thm@preskip=\skip53
\thm@postskip=\skip54
\thm@headsep=\skip55
\dth@everypar=\toks39
)
(C:\Users\David.Blair\AppData\Local\Programs\MiKTeX\tex/latex/amsmath\amsmath.s
ty
Package: amsmath 2022/04/08 v2.17n AMS math features
\@mathmargin=\skip56

For additional information on amsmath, use the `?' option.

(C:\Users\David.Blair\AppData\Local\Programs\MiKTeX\tex/latex/amsmath\amsbsy.st
y
Package: amsbsy 1999/11/29 v1.2d Bold Symbols
\pmbraise@=\dimen272
)
(C:\Users\David.Blair\AppData\Local\Programs\MiKTeX\tex/latex/amsmath\amsopn.st
y
Package: amsopn 2022/04/08 v2.04 operator names
)
\inf@bad=\count329
LaTeX Info: Redefining \frac on input line 234.
\uproot@=\count330
\leftroot@=\count331
LaTeX Info: Redefining \overline on input line 399.
LaTeX Info: Redefining \colon on input line 410.
\classnum@=\count332
\DOTSCASE@=\count333
LaTeX Info: Redefining \ldots on input line 496.
LaTeX Info: Redefining \dots on input line 499.
LaTeX Info: Redefining \cdots on input line 620.
\Mathstrutbox@=\box69
\strutbox@=\box70
LaTeX Info: Redefining \big on input line 722.
LaTeX Info: Redefining \Big on input line 723.
LaTeX Info: Redefining \bigg on input line 724.
LaTeX Info: Redefining \Bigg on input line 725.
\big@size=\dimen273
LaTeX Font Info:    Redeclaring font encoding OML on input line 743.
LaTeX Font Info:    Redeclaring font encoding OMS on input line 744.
\macc@depth=\count334
LaTeX Info: Redefining \bmod on input line 905.
LaTeX Info: Redefining \pmod on input line 910.
LaTeX Info: Redefining \smash on input line 940.
LaTeX Info: Redefining \relbar on input line 970.
LaTeX Info: Redefining \Relbar on input line 971.
\c@MaxMatrixCols=\count335
\dotsspace@=\muskip16
\c@parentequation=\count336
\dspbrk@lvl=\count337
\tag@help=\toks40
\row@=\count338
\column@=\count339
\maxfields@=\count340
\andhelp@=\toks41
\eqnshift@=\dimen274
\alignsep@=\dimen275
\tagshift@=\dimen276
\tagwidth@=\dimen277
\totwidth@=\dimen278
\lineht@=\dimen279
\@envbody=\toks42
\multlinegap=\skip57
\multlinetaggap=\skip58
\mathdisplay@stack=\toks43
LaTeX Info: Redefining \[ on input line 2953.
LaTeX Info: Redefining \] on input line 2954.
)
(C:\Users\David.Blair\AppData\Local\Programs\MiKTeX\tex/latex/tools\verbatim.st
y
Package: verbatim 2020-07-07 v1.5u LaTeX2e package for verbatim enhancements
\every@verbatim=\toks44
\verbatim@line=\toks45
\verbatim@in@stream=\read3
)
(C:\Users\David.Blair\AppData\Local\Programs\MiKTeX\tex/latex/base\makeidx.sty
Package: makeidx 2021/10/04 v1.0m Standard LaTeX package
)
\@indexfile=\write5
\openout5 = `MA5678_biology_22-23.idx'.

Writing index file MA5678_biology_22-23.idx

(C:\Users\David.Blair\AppData\Local\Programs\MiKTeX\tex/generic/babel\babel.sty
Package: babel 2022/10/04 3.81 The Babel package
\babel@savecnt=\count341
\U@D=\dimen280
\l@unhyphenated=\language79

(C:\Users\David.Blair\AppData\Local\Programs\MiKTeX\tex/generic/babel\txtbabel.
def)
\bbl@readstream=\read4
\bbl@dirlevel=\count342

*************************************
* Local config file bblopts.cfg used
*

(C:\Users\David.Blair\AppData\Local\Programs\MiKTeX\tex/latex/arabi\bblopts.cfg
File: bblopts.cfg 2005/09/08 v0.1 add Arabic and Farsi to "declared" options of
 babel
)
(C:\Users\David.Blair\AppData\Local\Programs\MiKTeX\tex/latex/babel-english\eng
lish.ldf
Language: english 2017/06/06 v3.3r English support from the babel system
Package babel Info: Hyphen rules for 'canadian' set to \l@english
(babel)             (\language0). Reported on input line 102.
Package babel Info: Hyphen rules for 'australian' set to \l@ukenglish
(babel)             (\language73). Reported on input line 105.
Package babel Info: Hyphen rules for 'newzealand' set to \l@ukenglish
(babel)             (\language73). Reported on input line 108.
))
(C:\Users\David.Blair\AppData\Local\Programs\MiKTeX\tex/generic/babel/locale/en
\babel-english.tex
Package babel Info: Importing font and identification data for english
(babel)             from babel-en.ini. Reported on input line 11.
)
(C:\Users\David.Blair\AppData\Local\Programs\MiKTeX\tex/generic/path\path.sty
This is path.sty, Version 3.05 <7-Apr-2011>
\c@tcode=\count343
\c@unter=\count344
)
(C:\Users\David.Blair\AppData\Local\Programs\MiKTeX\tex/latex/stmaryrd\stmaryrd
.sty
Package: stmaryrd 1994/03/03 St Mary's Road symbol package
\symstmry=\mathgroup7
LaTeX Font Info:    Overwriting symbol font `stmry' in version `bold'
(Font)                  U/stmry/m/n --> U/stmry/b/n on input line 89.
)
(C:\Users\David.Blair\AppData\Local\Programs\MiKTeX\tex/latex/jknappen\mathrsfs
.sty
Package: mathrsfs 1996/01/01 Math RSFS package v1.0 (jk)
\symrsfs=\mathgroup8
)
(C:\Users\David.Blair\AppData\Local\Programs\MiKTeX\tex/latex/epsf\epsf.sty
This is `epsf.tex' v2.7.4 <14 February 2011>
\epsffilein=\read5
\epsfframemargin=\dimen281
\epsfframethickness=\dimen282
\epsfrsize=\dimen283
\epsftmp=\dimen284
\epsftsize=\dimen285
\epsfxsize=\dimen286
\epsfysize=\dimen287
\pspoints=\dimen288
)
(C:\Users\David.Blair\AppData\Local\Programs\MiKTeX\tex/generic/texdraw\texdraw
.sty
(C:\Users\David.Blair\AppData\Local\Programs\MiKTeX\tex/generic/texdraw\texdraw
.tex
\t@counta=\count345
\t@countb=\count346
\t@countc=\count347
\t@countd=\count348
\t@counte=\count349
\t@pixa=\count350
\t@pixb=\count351
\t@pixc=\count352
\t@pixd=\count353
\t@xpos=\dimen289
\t@ypos=\dimen290
\xminpix=\count354
\xmaxpix=\count355
\yminpix=\count356
\ymaxpix=\count357
\a@lenpix=\count358
\a@widpix=\count359
\x@pix=\count360
\y@pix=\count361
\x@segoffpix=\count362
\y@segoffpix=\count363
\x@savepix=\count364
\y@savepix=\count365
\s@ppix=\count366
\d@bs=\count367
\t@xdnum=\count368
\t@xdbox=\box71
\drawfile=\write6
\everytexdraw=\toks46
)
Package: texdraw 2019/04/18 TeXdraw V2R3
)
(C:\Users\David.Blair\AppData\Local\Programs\MiKTeX\tex/latex/base\inputenc.sty
Package: inputenc 2021/02/14 v1.3d Input encoding file
\inpenc@prehook=\toks47
\inpenc@posthook=\toks48
(C:\Users\David.Blair\AppData\Local\Programs\MiKTeX\tex/latex/base\latin1.def
File: latin1.def 2021/02/14 v1.3d Input encoding file
))
(C:\Users\David.Blair\AppData\Local\Programs\MiKTeX\tex/latex/epsdice\epsdice.s
ty
Package: epsdice 2007/02/15 by Thomas Heim (v. 2.1)

(C:\Users\David.Blair\AppData\Local\Programs\MiKTeX\tex/latex/base\ifthen.sty
Package: ifthen 2022/04/13 v1.1d Standard LaTeX ifthen package (DPC)
)
(C:\Users\David.Blair\AppData\Local\Programs\MiKTeX\tex/latex/epsdice\epsdice.c
fg)
\c@eps@face=\count369
)
(C:\Users\David.Blair\AppData\Local\Programs\MiKTeX\tex/latex/psnfss\pifont.sty
Package: pifont 2020/03/25 PSNFSS-v9.3 Pi font support (SPQR) 
LaTeX Font Info:    Trying to load font information for U+pzd on input line 63.

(C:\Users\David.Blair\AppData\Local\Programs\MiKTeX\tex/latex/psnfss\upzd.fd
File: upzd.fd 2001/06/04 font definitions for U/pzd.
)
LaTeX Font Info:    Trying to load font information for U+psy on input line 64.


(C:\Users\David.Blair\AppData\Local\Programs\MiKTeX\tex/latex/psnfss\upsy.fd
File: upsy.fd 2001/06/04 font definitions for U/psy.
))
(C:\Users\David.Blair\AppData\Local\Programs\MiKTeX\tex/latex/marvosym\marvosym
.sty
Package: marvosym 2011/07/20 v2.2 Martin Vogel's Symbols font definitions
)
\c@theorem=\count370

No file MA5678_biology_22-23.aux.
\openout1 = `MA5678_biology_22-23.aux'.

LaTeX Font Info:    Checking defaults for OML/cmm/m/it on input line 183.
LaTeX Font Info:    ... okay on input line 183.
LaTeX Font Info:    Checking defaults for OMS/cmsy/m/n on input line 183.
LaTeX Font Info:    ... okay on input line 183.
LaTeX Font Info:    Checking defaults for OT1/cmr/m/n on input line 183.
LaTeX Font Info:    ... okay on input line 183.
LaTeX Font Info:    Checking defaults for T1/cmr/m/n on input line 183.
LaTeX Font Info:    ... okay on input line 183.
LaTeX Font Info:    Checking defaults for TS1/cmr/m/n on input line 183.
LaTeX Font Info:    ... okay on input line 183.
LaTeX Font Info:    Checking defaults for OMX/cmex/m/n on input line 183.
LaTeX Font Info:    ... okay on input line 183.
LaTeX Font Info:    Checking defaults for U/cmr/m/n on input line 183.
LaTeX Font Info:    ... okay on input line 183.

(C:\Users\David.Blair\AppData\Local\Programs\MiKTeX\tex/context/base/mkii\supp-
pdf.mkii
[Loading MPS to PDF converter (version 2006.09.02).]
\scratchcounter=\count371
\scratchdimen=\dimen291
\scratchbox=\box72
\nofMPsegments=\count372
\nofMParguments=\count373
\everyMPshowfont=\toks49
\MPscratchCnt=\count374
\MPscratchDim=\dimen292
\MPnumerator=\count375
\makeMPintoPDFobject=\count376
\everyMPtoPDFconversion=\toks50
)
(C:\Users\David.Blair\AppData\Local\Programs\MiKTeX\tex/latex/epstopdf-pkg\epst
opdf-base.sty
Package: epstopdf-base 2020-01-24 v2.11 Base part for package epstopdf
Package epstopdf-base Info: Redefining graphics rule for `.eps' on input line 4
85.

(C:\Users\David.Blair\AppData\Local\Programs\MiKTeX\tex/latex/00miktex\epstopdf
-sys.cfg
File: epstopdf-sys.cfg 2021/03/18 v2.0 Configuration of epstopdf for MiKTeX
))
(C:\Users\David.Blair\AppData\Local\Programs\MiKTeX\tex/latex/translations/dict
s\translations-basic-dictionary-english.trsl
File: translations-basic-dictionary-english.trsl (english translation file `tra
nslations-basic-dictionary')
)
Package translations Info: loading dictionary `translations-basic-dictionary' f
or `english'. on input line 183.
LaTeX Font Info:    Trying to load font information for U+lasy on input line 18
5.

(C:\Users\David.Blair\AppData\Local\Programs\MiKTeX\tex/latex/base\ulasy.fd
File: ulasy.fd 1998/08/17 v2.2e LaTeX symbol font definitions
)
LaTeX Font Info:    Trying to load font information for U+msa on input line 185
.

(C:\Users\David.Blair\AppData\Local\Programs\MiKTeX\tex/latex/amsfonts\umsa.fd
File: umsa.fd 2013/01/14 v3.01 AMS symbols A
)
LaTeX Font Info:    Trying to load font information for U+msb on input line 185
.
(C:\Users\David.Blair\AppData\Local\Programs\MiKTeX\tex/latex/amsfonts\umsb.fd
File: umsb.fd 2013/01/14 v3.01 AMS symbols B
)
LaTeX Font Info:    Trying to load font information for U+stmry on input line 1
85.

(C:\Users\David.Blair\AppData\Local\Programs\MiKTeX\tex/latex/stmaryrd\ustmry.f
d)
LaTeX Font Info:    Trying to load font information for U+rsfs on input line 18
5.

(C:\Users\David.Blair\AppData\Local\Programs\MiKTeX\tex/latex/jknappen\ursfs.fd
File: ursfs.fd 1998/03/24 rsfs font definition file (jk)
)

LaTeX Warning: No \author given.

No file MA5678_biology_22-23.toc.
\tf@toc=\write7
\openout7 = `MA5678_biology_22-23.toc'.

! I can't write on file `MA5678_biology_22-23.pdf'.
(Press Enter to retry, or Control-C to exit; default file extension is `.pdf')
Please type another file name for output
! Emergency stop.
<argument> ...shipout:D \box_use:N \l_shipout_box 
                                                  \__shipout_drop_firstpage_...
l.224 \newpage
              
*** (job aborted, file error in nonstop mode)

 
Here is how much of TeX's memory you used:
 19960 strings out of 475385
 407854 string characters out of 2774075
 774164 words of memory out of 3000000
 40935 multiletter control sequences out of 15000+600000
 481727 words of font info for 83 fonts, out of 8000000 for 9000
 1141 hyphenation exceptions out of 8191
 131i,6n,133p,681b,526s stack positions out of 10000i,1000n,20000p,200000b,80000s
!  ==> Fatal error occurred, no output PDF file produced!
