This is pdfTeX, Version 3.141592653-2.6-1.40.24 (MiKTeX 22.10) (preloaded format=pdflatex 2022.11.9)  11 MAY 2023 13:47
entering extended mode
 restricted \write18 enabled.
 %&-line parsing enabled.
**./assignment.tex
(assignment.tex
LaTeX2e <2022-06-01> patch level 5
L3 programming layer <2022-09-28>
(C:\Users\David.Blair\AppData\Local\Programs\MiKTeX\tex/latex/base\report.cls
Document Class: report 2021/10/04 v1.4n Standard LaTeX document class
(C:\Users\David.Blair\AppData\Local\Programs\MiKTeX\tex/latex/base\size10.clo
File: size10.clo 2021/10/04 v1.4n Standard LaTeX file (size option)
)
\c@part=\count185
\c@chapter=\count186
\c@section=\count187
\c@subsection=\count188
\c@subsubsection=\count189
\c@paragraph=\count190
\c@subparagraph=\count191
\c@figure=\count192
\c@table=\count193
\abovecaptionskip=\skip47
\belowcaptionskip=\skip48
\bibindent=\dimen138
)
(C:\Users\David.Blair\AppData\Local\Programs\MiKTeX\tex/latex/amsmath\amsmath.s
ty
Package: amsmath 2022/04/08 v2.17n AMS math features
\@mathmargin=\skip49

For additional information on amsmath, use the `?' option.

(C:\Users\David.Blair\AppData\Local\Programs\MiKTeX\tex/latex/amsmath\amstext.s
ty
Package: amstext 2021/08/26 v2.01 AMS text

(C:\Users\David.Blair\AppData\Local\Programs\MiKTeX\tex/latex/amsmath\amsgen.st
y
File: amsgen.sty 1999/11/30 v2.0 generic functions
\@emptytoks=\toks16
\ex@=\dimen139
))
(C:\Users\David.Blair\AppData\Local\Programs\MiKTeX\tex/latex/amsmath\amsbsy.st
y
Package: amsbsy 1999/11/29 v1.2d Bold Symbols
\pmbraise@=\dimen140
)
(C:\Users\David.Blair\AppData\Local\Programs\MiKTeX\tex/latex/amsmath\amsopn.st
y
Package: amsopn 2022/04/08 v2.04 operator names
)
\inf@bad=\count194
LaTeX Info: Redefining \frac on input line 234.
\uproot@=\count195
\leftroot@=\count196
LaTeX Info: Redefining \overline on input line 399.
LaTeX Info: Redefining \colon on input line 410.
\classnum@=\count197
\DOTSCASE@=\count198
LaTeX Info: Redefining \ldots on input line 496.
LaTeX Info: Redefining \dots on input line 499.
LaTeX Info: Redefining \cdots on input line 620.
\Mathstrutbox@=\box51
\strutbox@=\box52
LaTeX Info: Redefining \big on input line 722.
LaTeX Info: Redefining \Big on input line 723.
LaTeX Info: Redefining \bigg on input line 724.
LaTeX Info: Redefining \Bigg on input line 725.
\big@size=\dimen141
LaTeX Font Info:    Redeclaring font encoding OML on input line 743.
LaTeX Font Info:    Redeclaring font encoding OMS on input line 744.
\macc@depth=\count199
LaTeX Info: Redefining \bmod on input line 905.
LaTeX Info: Redefining \pmod on input line 910.
LaTeX Info: Redefining \smash on input line 940.
LaTeX Info: Redefining \relbar on input line 970.
LaTeX Info: Redefining \Relbar on input line 971.
\c@MaxMatrixCols=\count266
\dotsspace@=\muskip16
\c@parentequation=\count267
\dspbrk@lvl=\count268
\tag@help=\toks17
\row@=\count269
\column@=\count270
\maxfields@=\count271
\andhelp@=\toks18
\eqnshift@=\dimen142
\alignsep@=\dimen143
\tagshift@=\dimen144
\tagwidth@=\dimen145
\totwidth@=\dimen146
\lineht@=\dimen147
\@envbody=\toks19
\multlinegap=\skip50
\multlinetaggap=\skip51
\mathdisplay@stack=\toks20
LaTeX Info: Redefining \[ on input line 2953.
LaTeX Info: Redefining \] on input line 2954.
)
(C:\Users\David.Blair\AppData\Local\Programs\MiKTeX\tex/latex/amsfonts\amsfonts
.sty
Package: amsfonts 2013/01/14 v3.01 Basic AMSFonts support
\symAMSa=\mathgroup4
\symAMSb=\mathgroup5
LaTeX Font Info:    Redeclaring math symbol \hbar on input line 98.
LaTeX Font Info:    Overwriting math alphabet `\mathfrak' in version `bold'
(Font)                  U/euf/m/n --> U/euf/b/n on input line 106.
)
(C:\Users\David.Blair\AppData\Local\Programs\MiKTeX\tex/latex/graphics\graphicx
.sty
Package: graphicx 2021/09/16 v1.2d Enhanced LaTeX Graphics (DPC,SPQR)

(C:\Users\David.Blair\AppData\Local\Programs\MiKTeX\tex/latex/graphics\keyval.s
ty
Package: keyval 2022/05/29 v1.15 key=value parser (DPC)
\KV@toks@=\toks21
)
(C:\Users\David.Blair\AppData\Local\Programs\MiKTeX\tex/latex/graphics\graphics
.sty
Package: graphics 2022/03/10 v1.4e Standard LaTeX Graphics (DPC,SPQR)

(C:\Users\David.Blair\AppData\Local\Programs\MiKTeX\tex/latex/graphics\trig.sty
Package: trig 2021/08/11 v1.11 sin cos tan (DPC)
)
(C:\Users\David.Blair\AppData\Local\Programs\MiKTeX\tex/latex/graphics-cfg\grap
hics.cfg
File: graphics.cfg 2016/06/04 v1.11 sample graphics configuration
)
Package graphics Info: Driver file: pdftex.def on input line 107.

(C:\Users\David.Blair\AppData\Local\Programs\MiKTeX\tex/latex/graphics-def\pdft
ex.def
File: pdftex.def 2022/09/22 v1.2b Graphics/color driver for pdftex
\stockwidth=\dimen148
\stockheight=\dimen149
))
\Gin@req@height=\dimen150
\Gin@req@width=\dimen151
)
(C:\Users\David.Blair\AppData\Local\Programs\MiKTeX\tex/latex/caption\subcaptio
n.sty
Package: subcaption 2022/01/07 v1.5 Sub-captions (AR)

(C:\Users\David.Blair\AppData\Local\Programs\MiKTeX\tex/latex/caption\caption.s
ty
Package: caption 2022/03/01 v3.6b Customizing captions (AR)

(C:\Users\David.Blair\AppData\Local\Programs\MiKTeX\tex/latex/caption\caption3.
sty
Package: caption3 2022/03/17 v2.3b caption3 kernel (AR)
\caption@tempdima=\dimen152
\captionmargin=\dimen153
\caption@leftmargin=\dimen154
\caption@rightmargin=\dimen155
\caption@width=\dimen156
\caption@indent=\dimen157
\caption@parindent=\dimen158
\caption@hangindent=\dimen159
Package caption Info: Standard document class detected.
)
\c@caption@flags=\count272
\c@continuedfloat=\count273
)
\c@subfigure=\count274
\c@subtable=\count275
)
(C:\Users\David.Blair\AppData\Local\Programs\MiKTeX\tex/latex/l3backend\l3backe
nd-pdftex.def
File: l3backend-pdftex.def 2022-09-28 L3 backend support: PDF output (pdfTeX)
\l__color_backend_stack_int=\count276
\l__pdf_internal_box=\box53
) (assignment.aux)
\openout1 = `assignment.aux'.

LaTeX Font Info:    Checking defaults for OML/cmm/m/it on input line 12.
LaTeX Font Info:    ... okay on input line 12.
LaTeX Font Info:    Checking defaults for OMS/cmsy/m/n on input line 12.
LaTeX Font Info:    ... okay on input line 12.
LaTeX Font Info:    Checking defaults for OT1/cmr/m/n on input line 12.
LaTeX Font Info:    ... okay on input line 12.
LaTeX Font Info:    Checking defaults for T1/cmr/m/n on input line 12.
LaTeX Font Info:    ... okay on input line 12.
LaTeX Font Info:    Checking defaults for TS1/cmr/m/n on input line 12.
LaTeX Font Info:    ... okay on input line 12.
LaTeX Font Info:    Checking defaults for OMX/cmex/m/n on input line 12.
LaTeX Font Info:    ... okay on input line 12.
LaTeX Font Info:    Checking defaults for U/cmr/m/n on input line 12.
LaTeX Font Info:    ... okay on input line 12.

(C:\Users\David.Blair\AppData\Local\Programs\MiKTeX\tex/context/base/mkii\supp-
pdf.mkii
[Loading MPS to PDF converter (version 2006.09.02).]
\scratchcounter=\count277
\scratchdimen=\dimen160
\scratchbox=\box54
\nofMPsegments=\count278
\nofMParguments=\count279
\everyMPshowfont=\toks22
\MPscratchCnt=\count280
\MPscratchDim=\dimen161
\MPnumerator=\count281
\makeMPintoPDFobject=\count282
\everyMPtoPDFconversion=\toks23
)
(C:\Users\David.Blair\AppData\Local\Programs\MiKTeX\tex/latex/epstopdf-pkg\epst
opdf-base.sty
Package: epstopdf-base 2020-01-24 v2.11 Base part for package epstopdf
Package epstopdf-base Info: Redefining graphics rule for `.eps' on input line 4
85.

(C:\Users\David.Blair\AppData\Local\Programs\MiKTeX\tex/latex/00miktex\epstopdf
-sys.cfg
File: epstopdf-sys.cfg 2021/03/18 v2.0 Configuration of epstopdf for MiKTeX
))
Package caption Info: Begin \AtBeginDocument code.
Package caption Info: End \AtBeginDocument code.
LaTeX Font Info:    Trying to load font information for U+msa on input line 13.


(C:\Users\David.Blair\AppData\Local\Programs\MiKTeX\tex/latex/amsfonts\umsa.fd
File: umsa.fd 2013/01/14 v3.01 AMS symbols A
)
LaTeX Font Info:    Trying to load font information for U+msb on input line 13.

(C:\Users\David.Blair\AppData\Local\Programs\MiKTeX\tex/latex/amsfonts\umsb.fd
File: umsb.fd 2013/01/14 v3.01 AMS symbols B
) [1

{C:/Users/David.Blair/AppData/Local/MiKTeX/fonts/map/pdftex/pdftex.map}]
Package epstopdf Info: Source file: <transport/f0_side.eps>
(epstopdf)                    date: 2023-05-01 10:51:08
(epstopdf)                    size: 589244 bytes
(epstopdf)             Output file: <transport/f0_side-eps-converted-to.pdf>
(epstopdf)                    date: 2023-05-01 11:34:36
(epstopdf)                    size: 264965 bytes
(epstopdf)             Command: <miktex-epstopdf --outfile=transport/f0_side-ep
s-converted-to.pdf transport/f0_side.eps>
(epstopdf)             \includegraphics on input line 37.
Package epstopdf Info: Output file is already uptodate.


pdfTeX warning: pdflatex.exe (file ./transport/f0_side-eps-converted-to.pdf): P
DF inclusion: found PDF version <1.7>, but at most version <1.5> allowed
<transport/f0_side-eps-converted-to.pdf, id=7, 867.24pt x 646.415pt>
File: transport/f0_side-eps-converted-to.pdf Graphic file (type pdf)
<use transport/f0_side-eps-converted-to.pdf>
Package pdftex.def Info: transport/f0_side-eps-converted-to.pdf  used on input 
line 37.
(pdftex.def)             Requested size: 102.43008pt x 76.34337pt.
Package epstopdf Info: Source file: <transport/f0_top.eps>
(epstopdf)                    date: 2023-05-01 10:48:23
(epstopdf)                    size: 1392253 bytes
(epstopdf)             Output file: <transport/f0_top-eps-converted-to.pdf>
(epstopdf)                    date: 2023-05-01 11:34:39
(epstopdf)                    size: 620731 bytes
(epstopdf)             Command: <miktex-epstopdf --outfile=transport/f0_top-eps
-converted-to.pdf transport/f0_top.eps>
(epstopdf)             \includegraphics on input line 37.
Package epstopdf Info: Output file is already uptodate.


pdfTeX warning: pdflatex.exe (file ./transport/f0_top-eps-converted-to.pdf): PD
F inclusion: found PDF version <1.7>, but at most version <1.5> allowed
<transport/f0_top-eps-converted-to.pdf, id=8, 867.24pt x 646.415pt>
File: transport/f0_top-eps-converted-to.pdf Graphic file (type pdf)
<use transport/f0_top-eps-converted-to.pdf>
Package pdftex.def Info: transport/f0_top-eps-converted-to.pdf  used on input l
ine 37.
(pdftex.def)             Requested size: 102.43008pt x 76.34337pt.
Package epstopdf Info: Source file: <transport/f1_side.eps>
(epstopdf)                    date: 2023-05-01 10:59:21
(epstopdf)                    size: 163803 bytes
(epstopdf)             Output file: <transport/f1_side-eps-converted-to.pdf>
(epstopdf)                    date: 2023-05-01 11:34:41
(epstopdf)                    size: 152733 bytes
(epstopdf)             Command: <miktex-epstopdf --outfile=transport/f1_side-ep
s-converted-to.pdf transport/f1_side.eps>
(epstopdf)             \includegraphics on input line 39.
Package epstopdf Info: Output file is already uptodate.


pdfTeX warning: pdflatex.exe (file ./transport/f1_side-eps-converted-to.pdf): P
DF inclusion: found PDF version <1.7>, but at most version <1.5> allowed
<transport/f1_side-eps-converted-to.pdf, id=9, 867.24pt x 646.415pt>
File: transport/f1_side-eps-converted-to.pdf Graphic file (type pdf)
<use transport/f1_side-eps-converted-to.pdf>
Package pdftex.def Info: transport/f1_side-eps-converted-to.pdf  used on input 
line 39.
(pdftex.def)             Requested size: 102.43008pt x 76.34337pt.
Package epstopdf Info: Source file: <transport/f1_top.eps>
(epstopdf)                    date: 2023-05-01 10:57:56
(epstopdf)                    size: 455476 bytes
(epstopdf)             Output file: <transport/f1_top-eps-converted-to.pdf>
(epstopdf)                    date: 2023-05-01 11:34:43
(epstopdf)                    size: 337301 bytes
(epstopdf)             Command: <miktex-epstopdf --outfile=transport/f1_top-eps
-converted-to.pdf transport/f1_top.eps>
(epstopdf)             \includegraphics on input line 39.
Package epstopdf Info: Output file is already uptodate.


pdfTeX warning: pdflatex.exe (file ./transport/f1_top-eps-converted-to.pdf): PD
F inclusion: found PDF version <1.7>, but at most version <1.5> allowed
<transport/f1_top-eps-converted-to.pdf, id=10, 867.24pt x 646.415pt>
File: transport/f1_top-eps-converted-to.pdf Graphic file (type pdf)
<use transport/f1_top-eps-converted-to.pdf>
Package pdftex.def Info: transport/f1_top-eps-converted-to.pdf  used on input l
ine 39.
(pdftex.def)             Requested size: 102.43008pt x 76.34337pt.
Package epstopdf Info: Source file: <transport/f2_side.eps>
(epstopdf)                    date: 2023-05-01 10:59:02
(epstopdf)                    size: 181853 bytes
(epstopdf)             Output file: <transport/f2_side-eps-converted-to.pdf>
(epstopdf)                    date: 2023-05-01 11:34:45
(epstopdf)                    size: 161939 bytes
(epstopdf)             Command: <miktex-epstopdf --outfile=transport/f2_side-ep
s-converted-to.pdf transport/f2_side.eps>
(epstopdf)             \includegraphics on input line 41.
Package epstopdf Info: Output file is already uptodate.


pdfTeX warning: pdflatex.exe (file ./transport/f2_side-eps-converted-to.pdf): P
DF inclusion: found PDF version <1.7>, but at most version <1.5> allowed
<transport/f2_side-eps-converted-to.pdf, id=11, 867.24pt x 646.415pt>
File: transport/f2_side-eps-converted-to.pdf Graphic file (type pdf)
<use transport/f2_side-eps-converted-to.pdf>
Package pdftex.def Info: transport/f2_side-eps-converted-to.pdf  used on input 
line 41.
(pdftex.def)             Requested size: 102.43008pt x 76.34337pt.
Package epstopdf Info: Source file: <transport/f2_top.eps>
(epstopdf)                    date: 2023-05-01 10:58:15
(epstopdf)                    size: 602897 bytes
(epstopdf)             Output file: <transport/f2_top-eps-converted-to.pdf>
(epstopdf)                    date: 2023-05-01 11:34:47
(epstopdf)                    size: 408737 bytes
(epstopdf)             Command: <miktex-epstopdf --outfile=transport/f2_top-eps
-converted-to.pdf transport/f2_top.eps>
(epstopdf)             \includegraphics on input line 41.
Package epstopdf Info: Output file is already uptodate.


pdfTeX warning: pdflatex.exe (file ./transport/f2_top-eps-converted-to.pdf): PD
F inclusion: found PDF version <1.7>, but at most version <1.5> allowed
<transport/f2_top-eps-converted-to.pdf, id=12, 867.24pt x 646.415pt>
File: transport/f2_top-eps-converted-to.pdf Graphic file (type pdf)
<use transport/f2_top-eps-converted-to.pdf>
Package pdftex.def Info: transport/f2_top-eps-converted-to.pdf  used on input l
ine 41.
(pdftex.def)             Requested size: 102.43008pt x 76.34337pt.

Underfull \hbox (badness 10000) in paragraph at lines 31--44

 []


Underfull \hbox (badness 10000) in paragraph at lines 45--46

 []


Underfull \hbox (badness 10000) in paragraph at lines 45--46

 []

[1 <./transport/f0_side-eps-converted-to.pdf> <./transport/f0_top-eps-converted
-to.pdf> <./transport/f1_side-eps-converted-to.pdf> <./transport/f1_top-eps-con
verted-to.pdf> <./transport/f2_side-eps-converted-to.pdf> <./transport/f2_top-e
ps-converted-to.pdf>]
Package epstopdf Info: Source file: <heat/h1_t0.eps>
(epstopdf)                    date: 2023-05-01 11:28:38
(epstopdf)                    size: 71854 bytes
(epstopdf)             Output file: <heat/h1_t0-eps-converted-to.pdf>
(epstopdf)                    date: 2023-05-01 11:36:59
(epstopdf)                    size: 62783 bytes
(epstopdf)             Command: <miktex-epstopdf --outfile=heat/h1_t0-eps-conve
rted-to.pdf heat/h1_t0.eps>
(epstopdf)             \includegraphics on input line 51.
Package epstopdf Info: Output file is already uptodate.


pdfTeX warning: pdflatex.exe (file ./heat/h1_t0-eps-converted-to.pdf): PDF incl
usion: found PDF version <1.7>, but at most version <1.5> allowed
<heat/h1_t0-eps-converted-to.pdf, id=61, 421.575pt x 316.18124pt>
File: heat/h1_t0-eps-converted-to.pdf Graphic file (type pdf)
<use heat/h1_t0-eps-converted-to.pdf>
Package pdftex.def Info: heat/h1_t0-eps-converted-to.pdf  used on input line 51
.
(pdftex.def)             Requested size: 113.81102pt x 85.35559pt.
Package epstopdf Info: Source file: <heat/h1_t1.eps>
(epstopdf)                    date: 2023-05-01 11:28:51
(epstopdf)                    size: 110363 bytes
(epstopdf)             Output file: <heat/h1_t1-eps-converted-to.pdf>
(epstopdf)                    date: 2023-05-01 11:37:00
(epstopdf)                    size: 149864 bytes
(epstopdf)             Command: <miktex-epstopdf --outfile=heat/h1_t1-eps-conve
rted-to.pdf heat/h1_t1.eps>
(epstopdf)             \includegraphics on input line 53.
Package epstopdf Info: Output file is already uptodate.


pdfTeX warning: pdflatex.exe (file ./heat/h1_t1-eps-converted-to.pdf): PDF incl
usion: found PDF version <1.7>, but at most version <1.5> allowed
<heat/h1_t1-eps-converted-to.pdf, id=62, 421.575pt x 316.18124pt>
File: heat/h1_t1-eps-converted-to.pdf Graphic file (type pdf)
<use heat/h1_t1-eps-converted-to.pdf>
Package pdftex.def Info: heat/h1_t1-eps-converted-to.pdf  used on input line 53
.
(pdftex.def)             Requested size: 113.81102pt x 85.35559pt.
Package epstopdf Info: Source file: <heat/h1_t2.eps>
(epstopdf)                    date: 2023-05-01 11:29:04
(epstopdf)                    size: 128000 bytes
(epstopdf)             Output file: <heat/h1_t2-eps-converted-to.pdf>
(epstopdf)                    date: 2023-05-01 11:37:02
(epstopdf)                    size: 152519 bytes
(epstopdf)             Command: <miktex-epstopdf --outfile=heat/h1_t2-eps-conve
rted-to.pdf heat/h1_t2.eps>
(epstopdf)             \includegraphics on input line 55.
Package epstopdf Info: Output file is already uptodate.


pdfTeX warning: pdflatex.exe (file ./heat/h1_t2-eps-converted-to.pdf): PDF incl
usion: found PDF version <1.7>, but at most version <1.5> allowed
<heat/h1_t2-eps-converted-to.pdf, id=63, 421.575pt x 316.18124pt>
File: heat/h1_t2-eps-converted-to.pdf Graphic file (type pdf)
<use heat/h1_t2-eps-converted-to.pdf>
Package pdftex.def Info: heat/h1_t2-eps-converted-to.pdf  used on input line 55
.
(pdftex.def)             Requested size: 113.81102pt x 85.35559pt.
Package epstopdf Info: Source file: <heat/h1_t3.eps>
(epstopdf)                    date: 2023-05-01 11:29:16
(epstopdf)                    size: 134389 bytes
(epstopdf)             Output file: <heat/h1_t3-eps-converted-to.pdf>
(epstopdf)                    date: 2023-05-01 11:37:05
(epstopdf)                    size: 154369 bytes
(epstopdf)             Command: <miktex-epstopdf --outfile=heat/h1_t3-eps-conve
rted-to.pdf heat/h1_t3.eps>
(epstopdf)             \includegraphics on input line 62.
Package epstopdf Info: Output file is already uptodate.


pdfTeX warning: pdflatex.exe (file ./heat/h1_t3-eps-converted-to.pdf): PDF incl
usion: found PDF version <1.7>, but at most version <1.5> allowed
<heat/h1_t3-eps-converted-to.pdf, id=64, 421.575pt x 316.18124pt>
File: heat/h1_t3-eps-converted-to.pdf Graphic file (type pdf)
<use heat/h1_t3-eps-converted-to.pdf>
Package pdftex.def Info: heat/h1_t3-eps-converted-to.pdf  used on input line 62
.
(pdftex.def)             Requested size: 113.81102pt x 85.35559pt.
Package epstopdf Info: Source file: <heat/h1_t4.eps>
(epstopdf)                    date: 2023-05-01 11:29:25
(epstopdf)                    size: 134346 bytes
(epstopdf)             Output file: <heat/h1_t4-eps-converted-to.pdf>
(epstopdf)                    date: 2023-05-01 11:37:07
(epstopdf)                    size: 151248 bytes
(epstopdf)             Command: <miktex-epstopdf --outfile=heat/h1_t4-eps-conve
rted-to.pdf heat/h1_t4.eps>
(epstopdf)             \includegraphics on input line 64.
Package epstopdf Info: Output file is already uptodate.


pdfTeX warning: pdflatex.exe (file ./heat/h1_t4-eps-converted-to.pdf): PDF incl
usion: found PDF version <1.7>, but at most version <1.5> allowed
<heat/h1_t4-eps-converted-to.pdf, id=65, 421.575pt x 316.18124pt>
File: heat/h1_t4-eps-converted-to.pdf Graphic file (type pdf)
<use heat/h1_t4-eps-converted-to.pdf>
Package pdftex.def Info: heat/h1_t4-eps-converted-to.pdf  used on input line 64
.
(pdftex.def)             Requested size: 113.81102pt x 85.35559pt.

Overfull \hbox (20.0667pt too wide) in paragraph at lines 47--67
[][] [] 
 []

[2 <./heat/h1_t0-eps-converted-to.pdf> <./heat/h1_t1-eps-converted-to.pdf> <./h
eat/h1_t2-eps-converted-to.pdf> <./heat/h1_t3-eps-converted-to.pdf> <./heat/h1_
t4-eps-converted-to.pdf>]
Underfull \hbox (badness 10000) in paragraph at lines 68--69

 []


Underfull \hbox (badness 10000) in paragraph at lines 68--69

 []

Package epstopdf Info: Source file: <heat/h2_t0.eps>
(epstopdf)                    date: 2023-05-01 11:33:01
(epstopdf)                    size: 48779 bytes
(epstopdf)             Output file: <heat/h2_t0-eps-converted-to.pdf>
(epstopdf)                    date: 2023-05-01 11:41:05
(epstopdf)                    size: 41718 bytes
(epstopdf)             Command: <miktex-epstopdf --outfile=heat/h2_t0-eps-conve
rted-to.pdf heat/h2_t0.eps>
(epstopdf)             \includegraphics on input line 74.
Package epstopdf Info: Output file is already uptodate.


pdfTeX warning: pdflatex.exe (file ./heat/h2_t0-eps-converted-to.pdf): PDF incl
usion: found PDF version <1.7>, but at most version <1.5> allowed
<heat/h2_t0-eps-converted-to.pdf, id=99, 421.575pt x 316.18124pt>
File: heat/h2_t0-eps-converted-to.pdf Graphic file (type pdf)
<use heat/h2_t0-eps-converted-to.pdf>
Package pdftex.def Info: heat/h2_t0-eps-converted-to.pdf  used on input line 74
.
(pdftex.def)             Requested size: 113.81102pt x 85.35559pt.
Package epstopdf Info: Source file: <heat/h2_t1.eps>
(epstopdf)                    date: 2023-05-01 11:33:13
(epstopdf)                    size: 57933 bytes
(epstopdf)             Output file: <heat/h2_t1-eps-converted-to.pdf>
(epstopdf)                    date: 2023-05-01 11:41:06
(epstopdf)                    size: 53570 bytes
(epstopdf)             Command: <miktex-epstopdf --outfile=heat/h2_t1-eps-conve
rted-to.pdf heat/h2_t1.eps>
(epstopdf)             \includegraphics on input line 76.
Package epstopdf Info: Output file is already uptodate.


pdfTeX warning: pdflatex.exe (file ./heat/h2_t1-eps-converted-to.pdf): PDF incl
usion: found PDF version <1.7>, but at most version <1.5> allowed
<heat/h2_t1-eps-converted-to.pdf, id=100, 421.575pt x 316.18124pt>
File: heat/h2_t1-eps-converted-to.pdf Graphic file (type pdf)
<use heat/h2_t1-eps-converted-to.pdf>
Package pdftex.def Info: heat/h2_t1-eps-converted-to.pdf  used on input line 76
.
(pdftex.def)             Requested size: 113.81102pt x 85.35559pt.
Package epstopdf Info: Source file: <heat/h2_t2.eps>
(epstopdf)                    date: 2023-05-01 11:33:21
(epstopdf)                    size: 59085 bytes
(epstopdf)             Output file: <heat/h2_t2-eps-converted-to.pdf>
(epstopdf)                    date: 2023-05-01 11:41:07
(epstopdf)                    size: 54801 bytes
(epstopdf)             Command: <miktex-epstopdf --outfile=heat/h2_t2-eps-conve
rted-to.pdf heat/h2_t2.eps>
(epstopdf)             \includegraphics on input line 78.
Package epstopdf Info: Output file is already uptodate.


pdfTeX warning: pdflatex.exe (file ./heat/h2_t2-eps-converted-to.pdf): PDF incl
usion: found PDF version <1.7>, but at most version <1.5> allowed
<heat/h2_t2-eps-converted-to.pdf, id=101, 421.575pt x 316.18124pt>
File: heat/h2_t2-eps-converted-to.pdf Graphic file (type pdf)
<use heat/h2_t2-eps-converted-to.pdf>
Package pdftex.def Info: heat/h2_t2-eps-converted-to.pdf  used on input line 78
.
(pdftex.def)             Requested size: 113.81102pt x 85.35559pt.
Package epstopdf Info: Source file: <heat/h2_t3.eps>
(epstopdf)                    date: 2023-05-01 11:33:34
(epstopdf)                    size: 56091 bytes
(epstopdf)             Output file: <heat/h2_t3-eps-converted-to.pdf>
(epstopdf)                    date: 2023-05-01 11:41:08
(epstopdf)                    size: 51845 bytes
(epstopdf)             Command: <miktex-epstopdf --outfile=heat/h2_t3-eps-conve
rted-to.pdf heat/h2_t3.eps>
(epstopdf)             \includegraphics on input line 80.
Package epstopdf Info: Output file is already uptodate.


pdfTeX warning: pdflatex.exe (file ./heat/h2_t3-eps-converted-to.pdf): PDF incl
usion: found PDF version <1.7>, but at most version <1.5> allowed
<heat/h2_t3-eps-converted-to.pdf, id=102, 421.575pt x 316.18124pt>
File: heat/h2_t3-eps-converted-to.pdf Graphic file (type pdf)
<use heat/h2_t3-eps-converted-to.pdf>
Package pdftex.def Info: heat/h2_t3-eps-converted-to.pdf  used on input line 80
.
(pdftex.def)             Requested size: 113.81102pt x 85.35559pt.
Package epstopdf Info: Source file: <heat/h2_t4.eps>
(epstopdf)                    date: 2023-05-01 11:33:43
(epstopdf)                    size: 59624 bytes
(epstopdf)             Output file: <heat/h2_t4-eps-converted-to.pdf>
(epstopdf)                    date: 2023-05-01 11:41:11
(epstopdf)                    size: 55244 bytes
(epstopdf)             Command: <miktex-epstopdf --outfile=heat/h2_t4-eps-conve
rted-to.pdf heat/h2_t4.eps>
(epstopdf)             \includegraphics on input line 87.
Package epstopdf Info: Output file is already uptodate.


pdfTeX warning: pdflatex.exe (file ./heat/h2_t4-eps-converted-to.pdf): PDF incl
usion: found PDF version <1.7>, but at most version <1.5> allowed
<heat/h2_t4-eps-converted-to.pdf, id=103, 421.575pt x 316.18124pt>
File: heat/h2_t4-eps-converted-to.pdf Graphic file (type pdf)
<use heat/h2_t4-eps-converted-to.pdf>
Package pdftex.def Info: heat/h2_t4-eps-converted-to.pdf  used on input line 87
.
(pdftex.def)             Requested size: 113.81102pt x 85.35559pt.
Package epstopdf Info: Source file: <heat/h2_t5.eps>
(epstopdf)                    date: 2023-05-01 11:33:56
(epstopdf)                    size: 56454 bytes
(epstopdf)             Output file: <heat/h2_t5-eps-converted-to.pdf>
(epstopdf)                    date: 2023-05-01 11:41:12
(epstopdf)                    size: 52337 bytes
(epstopdf)             Command: <miktex-epstopdf --outfile=heat/h2_t5-eps-conve
rted-to.pdf heat/h2_t5.eps>
(epstopdf)             \includegraphics on input line 89.
Package epstopdf Info: Output file is already uptodate.


pdfTeX warning: pdflatex.exe (file ./heat/h2_t5-eps-converted-to.pdf): PDF incl
usion: found PDF version <1.7>, but at most version <1.5> allowed
<heat/h2_t5-eps-converted-to.pdf, id=104, 421.575pt x 316.18124pt>
File: heat/h2_t5-eps-converted-to.pdf Graphic file (type pdf)
<use heat/h2_t5-eps-converted-to.pdf>
Package pdftex.def Info: heat/h2_t5-eps-converted-to.pdf  used on input line 89
.
(pdftex.def)             Requested size: 113.81102pt x 85.35559pt.
Package epstopdf Info: Source file: <heat/h2_t6.eps>
(epstopdf)                    date: 2023-05-01 11:34:06
(epstopdf)                    size: 61455 bytes
(epstopdf)             Output file: <heat/h2_t6-eps-converted-to.pdf>
(epstopdf)                    date: 2023-05-01 11:41:14
(epstopdf)                    size: 89509 bytes
(epstopdf)             Command: <miktex-epstopdf --outfile=heat/h2_t6-eps-conve
rted-to.pdf heat/h2_t6.eps>
(epstopdf)             \includegraphics on input line 91.
Package epstopdf Info: Output file is already uptodate.


pdfTeX warning: pdflatex.exe (file ./heat/h2_t6-eps-converted-to.pdf): PDF incl
usion: found PDF version <1.7>, but at most version <1.5> allowed
<heat/h2_t6-eps-converted-to.pdf, id=105, 421.575pt x 318.18875pt>
File: heat/h2_t6-eps-converted-to.pdf Graphic file (type pdf)
<use heat/h2_t6-eps-converted-to.pdf>
Package pdftex.def Info: heat/h2_t6-eps-converted-to.pdf  used on input line 91
.
(pdftex.def)             Requested size: 113.81102pt x 85.89754pt.

Overfull \hbox (16.73335pt too wide) in paragraph at lines 70--95
[][] []
 []

[3 <./heat/h2_t0-eps-converted-to.pdf> <./heat/h2_t1-eps-converted-to.pdf> <./h
eat/h2_t2-eps-converted-to.pdf> <./heat/h2_t3-eps-converted-to.pdf> <./heat/h2_
t4-eps-converted-to.pdf> <./heat/h2_t5-eps-converted-to.pdf> <./heat/h2_t6-eps-
converted-to.pdf>] [4] (assignment.aux) ) 
Here is how much of TeX's memory you used:
 3710 strings out of 475385
 66433 string characters out of 2774075
 410271 words of memory out of 3000000
 25063 multiletter control sequences out of 15000+600000
 476675 words of font info for 58 fonts, out of 8000000 for 9000
 1141 hyphenation exceptions out of 8191
 67i,10n,77p,370b,213s stack positions out of 10000i,1000n,20000p,200000b,80000s
<C:/Users/David.Blair/AppData/Local/Pr
ograms/MiKTeX/fonts/type1/public/amsfonts/cm/cmbx12.pfb><C:/Users/David.Blair/A
ppData/Local/Programs/MiKTeX/fonts/type1/public/amsfonts/cm/cmex10.pfb><C:/User
s/David.Blair/AppData/Local/Programs/MiKTeX/fonts/type1/public/amsfonts/cm/cmmi
10.pfb><C:/Users/David.Blair/AppData/Local/Programs/MiKTeX/fonts/type1/public/a
msfonts/cm/cmmi7.pfb><C:/Users/David.Blair/AppData/Local/Programs/MiKTeX/fonts/
type1/public/amsfonts/cm/cmr10.pfb><C:/Users/David.Blair/AppData/Local/Programs
/MiKTeX/fonts/type1/public/amsfonts/cm/cmr12.pfb><C:/Users/David.Blair/AppData/
Local/Programs/MiKTeX/fonts/type1/public/amsfonts/cm/cmr17.pfb><C:/Users/David.
Blair/AppData/Local/Programs/MiKTeX/fonts/type1/public/amsfonts/cm/cmr7.pfb><C:
/Users/David.Blair/AppData/Local/Programs/MiKTeX/fonts/type1/public/amsfonts/cm
/cmsy10.pfb><C:/Users/David.Blair/AppData/Local/Programs/MiKTeX/fonts/type1/pub
lic/amsfonts/cm/cmsy7.pfb><C:/Users/David.Blair/AppData/Local/Programs/MiKTeX/f
onts/type1/public/amsfonts/cm/cmtt10.pfb><C:/Users/David.Blair/AppData/Local/Pr
ograms/MiKTeX/fonts/type1/public/amsfonts/symbols/msbm10.pfb>
Output written on assignment.pdf (5 pages, 3123943 bytes).
PDF statistics:
 204 PDF objects out of 1000 (max. 8388607)
 0 named destinations out of 1000 (max. 500000)
 91 words of extra memory for PDF output out of 10000 (max. 10000000)

