This is pdfTeX, Version 3.141592653-2.6-1.40.24 (MiKTeX 22.10) (preloaded format=pdflatex 2022.11.9)  15 MAY 2023 16:39
entering extended mode
 restricted \write18 enabled.
 %&-line parsing enabled.
**"./1807730 Numerical Methods.tex"
(1807730 Numerical Methods.tex
LaTeX2e <2022-06-01> patch level 5
L3 programming layer <2022-09-28>
(C:\Users\David.Blair\AppData\Local\Programs\MiKTeX\tex/latex/base\article.cls
Document Class: article 2021/10/04 v1.4n Standard LaTeX document class
(C:\Users\David.Blair\AppData\Local\Programs\MiKTeX\tex/latex/base\size10.clo
File: size10.clo 2021/10/04 v1.4n Standard LaTeX file (size option)
)
\c@part=\count185
\c@section=\count186
\c@subsection=\count187
\c@subsubsection=\count188
\c@paragraph=\count189
\c@subparagraph=\count190
\c@figure=\count191
\c@table=\count192
\abovecaptionskip=\skip47
\belowcaptionskip=\skip48
\bibindent=\dimen138
)
(C:\Users\David.Blair\AppData\Local\Programs\MiKTeX\tex/latex/amsmath\amsmath.s
ty
Package: amsmath 2022/04/08 v2.17n AMS math features
\@mathmargin=\skip49

For additional information on amsmath, use the `?' option.

(C:\Users\David.Blair\AppData\Local\Programs\MiKTeX\tex/latex/amsmath\amstext.s
ty
Package: amstext 2021/08/26 v2.01 AMS text

(C:\Users\David.Blair\AppData\Local\Programs\MiKTeX\tex/latex/amsmath\amsgen.st
y
File: amsgen.sty 1999/11/30 v2.0 generic functions
\@emptytoks=\toks16
\ex@=\dimen139
))
(C:\Users\David.Blair\AppData\Local\Programs\MiKTeX\tex/latex/amsmath\amsbsy.st
y
Package: amsbsy 1999/11/29 v1.2d Bold Symbols
\pmbraise@=\dimen140
)
(C:\Users\David.Blair\AppData\Local\Programs\MiKTeX\tex/latex/amsmath\amsopn.st
y
Package: amsopn 2022/04/08 v2.04 operator names
)
\inf@bad=\count193
LaTeX Info: Redefining \frac on input line 234.
\uproot@=\count194
\leftroot@=\count195
LaTeX Info: Redefining \overline on input line 399.
LaTeX Info: Redefining \colon on input line 410.
\classnum@=\count196
\DOTSCASE@=\count197
LaTeX Info: Redefining \ldots on input line 496.
LaTeX Info: Redefining \dots on input line 499.
LaTeX Info: Redefining \cdots on input line 620.
\Mathstrutbox@=\box51
\strutbox@=\box52
LaTeX Info: Redefining \big on input line 722.
LaTeX Info: Redefining \Big on input line 723.
LaTeX Info: Redefining \bigg on input line 724.
LaTeX Info: Redefining \Bigg on input line 725.
\big@size=\dimen141
LaTeX Font Info:    Redeclaring font encoding OML on input line 743.
LaTeX Font Info:    Redeclaring font encoding OMS on input line 744.
\macc@depth=\count198
LaTeX Info: Redefining \bmod on input line 905.
LaTeX Info: Redefining \pmod on input line 910.
LaTeX Info: Redefining \smash on input line 940.
LaTeX Info: Redefining \relbar on input line 970.
LaTeX Info: Redefining \Relbar on input line 971.
\c@MaxMatrixCols=\count199
\dotsspace@=\muskip16
\c@parentequation=\count266
\dspbrk@lvl=\count267
\tag@help=\toks17
\row@=\count268
\column@=\count269
\maxfields@=\count270
\andhelp@=\toks18
\eqnshift@=\dimen142
\alignsep@=\dimen143
\tagshift@=\dimen144
\tagwidth@=\dimen145
\totwidth@=\dimen146
\lineht@=\dimen147
\@envbody=\toks19
\multlinegap=\skip50
\multlinetaggap=\skip51
\mathdisplay@stack=\toks20
LaTeX Info: Redefining \[ on input line 2953.
LaTeX Info: Redefining \] on input line 2954.
)
(C:\Users\David.Blair\AppData\Local\Programs\MiKTeX\tex/latex/amsfonts\amsfonts
.sty
Package: amsfonts 2013/01/14 v3.01 Basic AMSFonts support
\symAMSa=\mathgroup4
\symAMSb=\mathgroup5
LaTeX Font Info:    Redeclaring math symbol \hbar on input line 98.
LaTeX Font Info:    Overwriting math alphabet `\mathfrak' in version `bold'
(Font)                  U/euf/m/n --> U/euf/b/n on input line 106.
)
(C:\Users\David.Blair\AppData\Local\Programs\MiKTeX\tex/latex/graphics\graphicx
.sty
Package: graphicx 2021/09/16 v1.2d Enhanced LaTeX Graphics (DPC,SPQR)

(C:\Users\David.Blair\AppData\Local\Programs\MiKTeX\tex/latex/graphics\keyval.s
ty
Package: keyval 2022/05/29 v1.15 key=value parser (DPC)
\KV@toks@=\toks21
)
(C:\Users\David.Blair\AppData\Local\Programs\MiKTeX\tex/latex/graphics\graphics
.sty
Package: graphics 2022/03/10 v1.4e Standard LaTeX Graphics (DPC,SPQR)

(C:\Users\David.Blair\AppData\Local\Programs\MiKTeX\tex/latex/graphics\trig.sty
Package: trig 2021/08/11 v1.11 sin cos tan (DPC)
)
(C:\Users\David.Blair\AppData\Local\Programs\MiKTeX\tex/latex/graphics-cfg\grap
hics.cfg
File: graphics.cfg 2016/06/04 v1.11 sample graphics configuration
)
Package graphics Info: Driver file: pdftex.def on input line 107.

(C:\Users\David.Blair\AppData\Local\Programs\MiKTeX\tex/latex/graphics-def\pdft
ex.def
File: pdftex.def 2022/09/22 v1.2b Graphics/color driver for pdftex
\stockwidth=\dimen148
\stockheight=\dimen149
))
\Gin@req@height=\dimen150
\Gin@req@width=\dimen151
)
(C:\Users\David.Blair\AppData\Local\Programs\MiKTeX\tex/latex/caption\subcaptio
n.sty
Package: subcaption 2022/01/07 v1.5 Sub-captions (AR)

(C:\Users\David.Blair\AppData\Local\Programs\MiKTeX\tex/latex/caption\caption.s
ty
Package: caption 2022/03/01 v3.6b Customizing captions (AR)

(C:\Users\David.Blair\AppData\Local\Programs\MiKTeX\tex/latex/caption\caption3.
sty
Package: caption3 2022/03/17 v2.3b caption3 kernel (AR)
\caption@tempdima=\dimen152
\captionmargin=\dimen153
\caption@leftmargin=\dimen154
\caption@rightmargin=\dimen155
\caption@width=\dimen156
\caption@indent=\dimen157
\caption@parindent=\dimen158
\caption@hangindent=\dimen159
Package caption Info: Standard document class detected.
)
\c@caption@flags=\count271
\c@continuedfloat=\count272
)
\c@subfigure=\count273
\c@subtable=\count274
)
(C:\Users\David.Blair\AppData\Local\Programs\MiKTeX\tex/latex/geometry\geometry
.sty
Package: geometry 2020/01/02 v5.9 Page Geometry

(C:\Users\David.Blair\AppData\Local\Programs\MiKTeX\tex/generic/iftex\ifvtex.st
y
Package: ifvtex 2019/10/25 v1.7 ifvtex legacy package. Use iftex instead.

(C:\Users\David.Blair\AppData\Local\Programs\MiKTeX\tex/generic/iftex\iftex.sty
Package: iftex 2022/02/03 v1.0f TeX engine tests
))
\Gm@cnth=\count275
\Gm@cntv=\count276
\c@Gm@tempcnt=\count277
\Gm@bindingoffset=\dimen160
\Gm@wd@mp=\dimen161
\Gm@odd@mp=\dimen162
\Gm@even@mp=\dimen163
\Gm@layoutwidth=\dimen164
\Gm@layoutheight=\dimen165
\Gm@layouthoffset=\dimen166
\Gm@layoutvoffset=\dimen167
\Gm@dimlist=\toks22

(C:\Users\David.Blair\AppData\Local\Programs\MiKTeX\tex/latex/geometry\geometry
.cfg))
(C:\Users\David.Blair\AppData\Local\Programs\MiKTeX\tex/latex/l3backend\l3backe
nd-pdftex.def
File: l3backend-pdftex.def 2022-09-28 L3 backend support: PDF output (pdfTeX)
\l__color_backend_stack_int=\count278
\l__pdf_internal_box=\box53
) (1807730 Numerical Methods.aux

LaTeX Warning: Label `fig:both_images' multiply defined.


LaTeX Warning: Label `fig:both_images' multiply defined.


LaTeX Warning: Label `fig:image1' multiply defined.


LaTeX Warning: Label `sub@fig:image1' multiply defined.


LaTeX Warning: Label `fig:image2' multiply defined.


LaTeX Warning: Label `sub@fig:image2' multiply defined.


LaTeX Warning: Label `fig:image4' multiply defined.


LaTeX Warning: Label `sub@fig:image4' multiply defined.


LaTeX Warning: Label `fig:image5' multiply defined.


LaTeX Warning: Label `sub@fig:image5' multiply defined.


LaTeX Warning: Label `fig:image7' multiply defined.


LaTeX Warning: Label `sub@fig:image7' multiply defined.


LaTeX Warning: Label `fig:image4' multiply defined.


LaTeX Warning: Label `sub@fig:image4' multiply defined.


LaTeX Warning: Label `fig:all_images' multiply defined.


LaTeX Warning: Label `fig:image5' multiply defined.


LaTeX Warning: Label `sub@fig:image5' multiply defined.


LaTeX Warning: Label `fig:image4' multiply defined.


LaTeX Warning: Label `sub@fig:image4' multiply defined.


LaTeX Warning: Label `fig:image5' multiply defined.


LaTeX Warning: Label `sub@fig:image5' multiply defined.


LaTeX Warning: Label `fig:image7' multiply defined.


LaTeX Warning: Label `sub@fig:image7' multiply defined.


LaTeX Warning: Label `fig:image4' multiply defined.


LaTeX Warning: Label `sub@fig:image4' multiply defined.


LaTeX Warning: Label `fig:all_images' multiply defined.


LaTeX Warning: Label `fig:image4' multiply defined.


LaTeX Warning: Label `sub@fig:image4' multiply defined.


LaTeX Warning: Label `fig:image5' multiply defined.


LaTeX Warning: Label `sub@fig:image5' multiply defined.


LaTeX Warning: Label `fig:image7' multiply defined.


LaTeX Warning: Label `sub@fig:image7' multiply defined.


LaTeX Warning: Label `fig:image4' multiply defined.


LaTeX Warning: Label `sub@fig:image4' multiply defined.


LaTeX Warning: Label `fig:all_images' multiply defined.

)
\openout1 = `"1807730 Numerical Methods.aux"'.

LaTeX Font Info:    Checking defaults for OML/cmm/m/it on input line 15.
LaTeX Font Info:    ... okay on input line 15.
LaTeX Font Info:    Checking defaults for OMS/cmsy/m/n on input line 15.
LaTeX Font Info:    ... okay on input line 15.
LaTeX Font Info:    Checking defaults for OT1/cmr/m/n on input line 15.
LaTeX Font Info:    ... okay on input line 15.
LaTeX Font Info:    Checking defaults for T1/cmr/m/n on input line 15.
LaTeX Font Info:    ... okay on input line 15.
LaTeX Font Info:    Checking defaults for TS1/cmr/m/n on input line 15.
LaTeX Font Info:    ... okay on input line 15.
LaTeX Font Info:    Checking defaults for OMX/cmex/m/n on input line 15.
LaTeX Font Info:    ... okay on input line 15.
LaTeX Font Info:    Checking defaults for U/cmr/m/n on input line 15.
LaTeX Font Info:    ... okay on input line 15.

(C:\Users\David.Blair\AppData\Local\Programs\MiKTeX\tex/context/base/mkii\supp-
pdf.mkii
[Loading MPS to PDF converter (version 2006.09.02).]
\scratchcounter=\count279
\scratchdimen=\dimen168
\scratchbox=\box54
\nofMPsegments=\count280
\nofMParguments=\count281
\everyMPshowfont=\toks23
\MPscratchCnt=\count282
\MPscratchDim=\dimen169
\MPnumerator=\count283
\makeMPintoPDFobject=\count284
\everyMPtoPDFconversion=\toks24
)
(C:\Users\David.Blair\AppData\Local\Programs\MiKTeX\tex/latex/epstopdf-pkg\epst
opdf-base.sty
Package: epstopdf-base 2020-01-24 v2.11 Base part for package epstopdf
Package epstopdf-base Info: Redefining graphics rule for `.eps' on input line 4
85.

(C:\Users\David.Blair\AppData\Local\Programs\MiKTeX\tex/latex/00miktex\epstopdf
-sys.cfg
File: epstopdf-sys.cfg 2021/03/18 v2.0 Configuration of epstopdf for MiKTeX
))
Package caption Info: Begin \AtBeginDocument code.
Package caption Info: End \AtBeginDocument code.

*geometry* driver: auto-detecting
*geometry* detected driver: pdftex
*geometry* verbose mode - [ preamble ] result:
* driver: pdftex
* paper: <default>
* layout: <same size as paper>
* layoutoffset:(h,v)=(0.0pt,0.0pt)
* modes: 
* h-part:(L,W,R)=(72.26999pt, 469.75502pt, 72.26999pt)
* v-part:(T,H,B)=(54.2025pt, 686.56499pt, 54.2025pt)
* \paperwidth=614.295pt
* \paperheight=794.96999pt
* \textwidth=469.75502pt
* \textheight=686.56499pt
* \oddsidemargin=0.0pt
* \evensidemargin=0.0pt
* \topmargin=-55.06749pt
* \headheight=12.0pt
* \headsep=25.0pt
* \topskip=10.0pt
* \footskip=30.0pt
* \marginparwidth=65.0pt
* \marginparsep=11.0pt
* \columnsep=10.0pt
* \skip\footins=9.0pt plus 4.0pt minus 2.0pt
* \hoffset=0.0pt
* \voffset=0.0pt
* \mag=1000
* \@twocolumnfalse
* \@twosidefalse
* \@mparswitchfalse
* \@reversemarginfalse
* (1in=72.27pt=25.4mm, 1cm=28.453pt)

<images/brunel logo.png, id=1, 1464.47125pt x 527.9725pt>
File: images/brunel logo.png Graphic file (type png)
<use images/brunel logo.png>
Package pdftex.def Info: images/brunel logo.png  used on input line 18.
(pdftex.def)             Requested size: 219.66121pt x 79.19244pt.
[1

{C:/Users/David.Blair/AppData/Local/MiKTeX/fonts/map/pdftex/pdftex.map} <./imag
es/brunel logo.png>]
LaTeX Font Info:    Trying to load font information for U+msa on input line 44.


(C:\Users\David.Blair\AppData\Local\Programs\MiKTeX\tex/latex/amsfonts\umsa.fd
File: umsa.fd 2013/01/14 v3.01 AMS symbols A
)
LaTeX Font Info:    Trying to load font information for U+msb on input line 44.

(C:\Users\David.Blair\AppData\Local\Programs\MiKTeX\tex/latex/amsfonts\umsb.fd
File: umsb.fd 2013/01/14 v3.01 AMS symbols B
)
Package epstopdf Info: Source file: <images/logistic_model.eps>
(epstopdf)                    date: 2022-11-18 13:35:04
(epstopdf)                    size: 646729 bytes
(epstopdf)             Output file: <images/logistic_model-eps-converted-to.pdf
>
(epstopdf)                    date: 2023-05-14 13:48:47
(epstopdf)                    size: 176252 bytes
(epstopdf)             Command: <miktex-epstopdf --outfile=images/logistic_mode
l-eps-converted-to.pdf images/logistic_model.eps>
(epstopdf)             \includegraphics on input line 104.
Package epstopdf Info: Output file is already uptodate.


pdfTeX warning: pdflatex.exe (file ./images/logistic_model-eps-converted-to.pdf
): PDF inclusion: found PDF version <1.7>, but at most version <1.5> allowed
<images/logistic_model-eps-converted-to.pdf, id=10, 804.00375pt x 585.18625pt>
File: images/logistic_model-eps-converted-to.pdf Graphic file (type pdf)
<use images/logistic_model-eps-converted-to.pdf>
Package pdftex.def Info: images/logistic_model-eps-converted-to.pdf  used on in
put line 104.
(pdftex.def)             Requested size: 281.40553pt x 204.81825pt.

LaTeX Warning: `h' float specifier changed to `ht'.

[2]
Overfull \hbox (16.81331pt too wide) in paragraph at lines 132--133
[]\OT1/cmr/m/n/10 To run this func-tion, we set $\OML/cmm/m/it/10 N \OT1/cmr/m/
n/10 = 90$, $\OML/cmm/m/it/10 X[] \OT1/cmr/m/n/10 = 30$, $\OML/cmm/m/it/10 K \O
T1/cmr/m/n/10 = 20$ and $\OML/cmm/m/it/10 r \OT1/cmr/m/n/10 = 0\OML/cmm/m/it/10
 :\OT1/cmr/m/n/10 05$. The volatil-ity $\OML/cmm/m/it/10 ^^[ \OMS/cmsy/m/n/10 2
 f^^@\OT1/cmr/m/n/10 0\OML/cmm/m/it/10 :\OT1/cmr/m/n/10 2\OML/cmm/m/it/10 ; \OM
S/cmsy/m/n/10 ^^@\OT1/cmr/m/n/10 0\OML/cmm/m/it/10 :\OT1/cmr/m/n/10 1\OML/cmm/m
/it/10 ; \OT1/cmr/m/n/10 0\OML/cmm/m/it/10 ; \OT1/cmr/m/n/10 0\OML/cmm/m/it/10 
:\OT1/cmr/m/n/10 1\OML/cmm/m/it/10 ; \OT1/cmr/m/n/10 0\OML/cmm/m/it/10 :\OT1/cm
r/m/n/10 2\OMS/cmsy/m/n/10 g$
 []

Package epstopdf Info: Source file: <images/stochastic_model.eps>
(epstopdf)                    date: 2022-11-18 13:35:46
(epstopdf)                    size: 34882 bytes
(epstopdf)             Output file: <images/stochastic_model-eps-converted-to.p
df>
(epstopdf)                    date: 2023-05-14 13:48:50
(epstopdf)                    size: 14264 bytes
(epstopdf)             Command: <miktex-epstopdf --outfile=images/stochastic_mo
del-eps-converted-to.pdf images/stochastic_model.eps>
(epstopdf)             \includegraphics on input line 136.
Package epstopdf Info: Output file is already uptodate.


pdfTeX warning: pdflatex.exe (file ./images/stochastic_model-eps-converted-to.p
df): PDF inclusion: found PDF version <1.7>, but at most version <1.5> allowed
<images/stochastic_model-eps-converted-to.pdf, id=21, 1033.8625pt x 718.685pt>
File: images/stochastic_model-eps-converted-to.pdf Graphic file (type pdf)
<use images/stochastic_model-eps-converted-to.pdf>
Package pdftex.def Info: images/stochastic_model-eps-converted-to.pdf  used on 
input line 136.
(pdftex.def)             Requested size: 299.81245pt x 208.41331pt.

LaTeX Warning: `!h' float specifier changed to `!ht'.

[3 <./images/logistic_model-eps-converted-to.pdf>]
Package epstopdf Info: Source file: <images/stochastic_model_const.eps>
(epstopdf)                    date: 2022-11-18 13:35:16
(epstopdf)                    size: 33658 bytes
(epstopdf)             Output file: <images/stochastic_model_const-eps-converte
d-to.pdf>
(epstopdf)                    date: 2023-05-14 13:48:52
(epstopdf)                    size: 14117 bytes
(epstopdf)             Command: <miktex-epstopdf --outfile=images/stochastic_mo
del_const-eps-converted-to.pdf images/stochastic_model_const.eps>
(epstopdf)             \includegraphics on input line 149.
Package epstopdf Info: Output file is already uptodate.


pdfTeX warning: pdflatex.exe (file ./images/stochastic_model_const-eps-converte
d-to.pdf): PDF inclusion: found PDF version <1.7>, but at most version <1.5> al
lowed
<images/stochastic_model_const-eps-converted-to.pdf, id=34, 804.00375pt x 585.1
8625pt>
File: images/stochastic_model_const-eps-converted-to.pdf Graphic file (type pdf
)
<use images/stochastic_model_const-eps-converted-to.pdf>
Package pdftex.def Info: images/stochastic_model_const-eps-converted-to.pdf  us
ed on input line 149.
(pdftex.def)             Requested size: 281.40553pt x 204.81825pt.
[4 <./images/stochastic_model-eps-converted-to.pdf> <./images/stochastic_model_
const-eps-converted-to.pdf>]
Package epstopdf Info: Source file: <images/f0_side.eps>
(epstopdf)                    date: 2023-05-01 10:51:08
(epstopdf)                    size: 589244 bytes
(epstopdf)             Output file: <images/f0_side-eps-converted-to.pdf>
(epstopdf)                    date: 2023-05-14 16:05:31
(epstopdf)                    size: 264965 bytes
(epstopdf)             Command: <miktex-epstopdf --outfile=images/f0_side-eps-c
onverted-to.pdf images/f0_side.eps>
(epstopdf)             \includegraphics on input line 202.
Package epstopdf Info: Output file is already uptodate.


pdfTeX warning: pdflatex.exe (file ./images/f0_side-eps-converted-to.pdf): PDF 
inclusion: found PDF version <1.7>, but at most version <1.5> allowed
<images/f0_side-eps-converted-to.pdf, id=54, 867.24pt x 646.415pt>
File: images/f0_side-eps-converted-to.pdf Graphic file (type pdf)
<use images/f0_side-eps-converted-to.pdf>
Package pdftex.def Info: images/f0_side-eps-converted-to.pdf  used on input lin
e 202.
(pdftex.def)             Requested size: 211.38832pt x 157.55931pt.
Package epstopdf Info: Source file: <images/f0_top.eps>
(epstopdf)                    date: 2023-05-01 10:48:23
(epstopdf)                    size: 1392253 bytes
(epstopdf)             Output file: <images/f0_top-eps-converted-to.pdf>
(epstopdf)                    date: 2023-05-14 16:05:35
(epstopdf)                    size: 620731 bytes
(epstopdf)             Command: <miktex-epstopdf --outfile=images/f0_top-eps-co
nverted-to.pdf images/f0_top.eps>
(epstopdf)             \includegraphics on input line 207.
Package epstopdf Info: Output file is already uptodate.


pdfTeX warning: pdflatex.exe (file ./images/f0_top-eps-converted-to.pdf): PDF i
nclusion: found PDF version <1.7>, but at most version <1.5> allowed
<images/f0_top-eps-converted-to.pdf, id=55, 867.24pt x 646.415pt>
File: images/f0_top-eps-converted-to.pdf Graphic file (type pdf)
<use images/f0_top-eps-converted-to.pdf>
Package pdftex.def Info: images/f0_top-eps-converted-to.pdf  used on input line
 207.
(pdftex.def)             Requested size: 211.38832pt x 157.55931pt.
Package epstopdf Info: Source file: <images/f1_side.eps>
(epstopdf)                    date: 2023-05-01 10:59:21
(epstopdf)                    size: 163803 bytes
(epstopdf)             Output file: <images/f1_side-eps-converted-to.pdf>
(epstopdf)                    date: 2023-05-14 16:05:38
(epstopdf)                    size: 152733 bytes
(epstopdf)             Command: <miktex-epstopdf --outfile=images/f1_side-eps-c
onverted-to.pdf images/f1_side.eps>
(epstopdf)             \includegraphics on input line 217.
Package epstopdf Info: Output file is already uptodate.


pdfTeX warning: pdflatex.exe (file ./images/f1_side-eps-converted-to.pdf): PDF 
inclusion: found PDF version <1.7>, but at most version <1.5> allowed
<images/f1_side-eps-converted-to.pdf, id=56, 867.24pt x 646.415pt>
File: images/f1_side-eps-converted-to.pdf Graphic file (type pdf)
<use images/f1_side-eps-converted-to.pdf>
Package pdftex.def Info: images/f1_side-eps-converted-to.pdf  used on input lin
e 217.
(pdftex.def)             Requested size: 211.38832pt x 157.55931pt.
Package epstopdf Info: Source file: <images/f1_top.eps>
(epstopdf)                    date: 2023-05-01 10:57:56
(epstopdf)                    size: 455476 bytes
(epstopdf)             Output file: <images/f1_top-eps-converted-to.pdf>
(epstopdf)                    date: 2023-05-14 16:05:41
(epstopdf)                    size: 337301 bytes
(epstopdf)             Command: <miktex-epstopdf --outfile=images/f1_top-eps-co
nverted-to.pdf images/f1_top.eps>
(epstopdf)             \includegraphics on input line 222.
Package epstopdf Info: Output file is already uptodate.


pdfTeX warning: pdflatex.exe (file ./images/f1_top-eps-converted-to.pdf): PDF i
nclusion: found PDF version <1.7>, but at most version <1.5> allowed
<images/f1_top-eps-converted-to.pdf, id=57, 867.24pt x 646.415pt>
File: images/f1_top-eps-converted-to.pdf Graphic file (type pdf)
<use images/f1_top-eps-converted-to.pdf>
Package pdftex.def Info: images/f1_top-eps-converted-to.pdf  used on input line
 222.
(pdftex.def)             Requested size: 211.38832pt x 157.55931pt.
Package epstopdf Info: Source file: <images/f2_side.eps>
(epstopdf)                    date: 2023-05-01 10:59:02
(epstopdf)                    size: 181853 bytes
(epstopdf)             Output file: <images/f2_side-eps-converted-to.pdf>
(epstopdf)                    date: 2023-05-14 16:05:44
(epstopdf)                    size: 161939 bytes
(epstopdf)             Command: <miktex-epstopdf --outfile=images/f2_side-eps-c
onverted-to.pdf images/f2_side.eps>
(epstopdf)             \includegraphics on input line 232.
Package epstopdf Info: Output file is already uptodate.


pdfTeX warning: pdflatex.exe (file ./images/f2_side-eps-converted-to.pdf): PDF 
inclusion: found PDF version <1.7>, but at most version <1.5> allowed
<images/f2_side-eps-converted-to.pdf, id=58, 867.24pt x 646.415pt>
File: images/f2_side-eps-converted-to.pdf Graphic file (type pdf)
<use images/f2_side-eps-converted-to.pdf>
Package pdftex.def Info: images/f2_side-eps-converted-to.pdf  used on input lin
e 232.
(pdftex.def)             Requested size: 211.38832pt x 157.55931pt.
Package epstopdf Info: Source file: <images/f2_top.eps>
(epstopdf)                    date: 2023-05-01 10:58:15
(epstopdf)                    size: 602897 bytes
(epstopdf)             Output file: <images/f2_top-eps-converted-to.pdf>
(epstopdf)                    date: 2023-05-14 16:05:47
(epstopdf)                    size: 408735 bytes
(epstopdf)             Command: <miktex-epstopdf --outfile=images/f2_top-eps-co
nverted-to.pdf images/f2_top.eps>
(epstopdf)             \includegraphics on input line 237.
Package epstopdf Info: Output file is already uptodate.


pdfTeX warning: pdflatex.exe (file ./images/f2_top-eps-converted-to.pdf): PDF i
nclusion: found PDF version <1.7>, but at most version <1.5> allowed
<images/f2_top-eps-converted-to.pdf, id=59, 867.24pt x 646.415pt>
File: images/f2_top-eps-converted-to.pdf Graphic file (type pdf)
<use images/f2_top-eps-converted-to.pdf>
Package pdftex.def Info: images/f2_top-eps-converted-to.pdf  used on input line
 237.
(pdftex.def)             Requested size: 211.38832pt x 157.55931pt.
Package epstopdf Info: Source file: <images/h1_t0.eps>
(epstopdf)                    date: 2023-05-01 11:28:38
(epstopdf)                    size: 71854 bytes
(epstopdf)             Output file: <images/h1_t0-eps-converted-to.pdf>
(epstopdf)                    date: 2023-05-14 17:11:06
(epstopdf)                    size: 62783 bytes
(epstopdf)             Command: <miktex-epstopdf --outfile=images/h1_t0-eps-con
verted-to.pdf images/h1_t0.eps>
(epstopdf)             \includegraphics on input line 255.
Package epstopdf Info: Output file is already uptodate.


pdfTeX warning: pdflatex.exe (file ./images/h1_t0-eps-converted-to.pdf): PDF in
clusion: found PDF version <1.7>, but at most version <1.5> allowed
<images/h1_t0-eps-converted-to.pdf, id=60, 421.575pt x 316.18124pt>
File: images/h1_t0-eps-converted-to.pdf Graphic file (type pdf)
<use images/h1_t0-eps-converted-to.pdf>
Package pdftex.def Info: images/h1_t0-eps-converted-to.pdf  used on input line 
255.
(pdftex.def)             Requested size: 211.38832pt x 158.54373pt.
Package epstopdf Info: Source file: <images/h1_t1.eps>
(epstopdf)                    date: 2023-05-01 11:28:51
(epstopdf)                    size: 110363 bytes
(epstopdf)             Output file: <images/h1_t1-eps-converted-to.pdf>
(epstopdf)                    date: 2023-05-14 17:11:09
(epstopdf)                    size: 149864 bytes
(epstopdf)             Command: <miktex-epstopdf --outfile=images/h1_t1-eps-con
verted-to.pdf images/h1_t1.eps>
(epstopdf)             \includegraphics on input line 261.
Package epstopdf Info: Output file is already uptodate.


pdfTeX warning: pdflatex.exe (file ./images/h1_t1-eps-converted-to.pdf): PDF in
clusion: found PDF version <1.7>, but at most version <1.5> allowed
<images/h1_t1-eps-converted-to.pdf, id=61, 421.575pt x 316.18124pt>
File: images/h1_t1-eps-converted-to.pdf Graphic file (type pdf)
<use images/h1_t1-eps-converted-to.pdf>
Package pdftex.def Info: images/h1_t1-eps-converted-to.pdf  used on input line 
261.
(pdftex.def)             Requested size: 211.38832pt x 158.54373pt.
[5] [6 <./images/f0_side-eps-converted-to.pdf> <./images/f0_top-eps-converted-t
o.pdf> <./images/f1_side-eps-converted-to.pdf> <./images/f1_top-eps-converted-t
o.pdf> <./images/f2_side-eps-converted-to.pdf> <./images/f2_top-eps-converted-t
o.pdf>]
Package epstopdf Info: Source file: <images/h1_t2.eps>
(epstopdf)                    date: 2023-05-01 11:29:04
(epstopdf)                    size: 128000 bytes
(epstopdf)             Output file: <images/h1_t2-eps-converted-to.pdf>
(epstopdf)                    date: 2023-05-14 17:11:12
(epstopdf)                    size: 152519 bytes
(epstopdf)             Command: <miktex-epstopdf --outfile=images/h1_t2-eps-con
verted-to.pdf images/h1_t2.eps>
(epstopdf)             \includegraphics on input line 270.
Package epstopdf Info: Output file is already uptodate.


pdfTeX warning: pdflatex.exe (file ./images/h1_t2-eps-converted-to.pdf): PDF in
clusion: found PDF version <1.7>, but at most version <1.5> allowed
<images/h1_t2-eps-converted-to.pdf, id=105, 421.575pt x 316.18124pt>
File: images/h1_t2-eps-converted-to.pdf Graphic file (type pdf)
<use images/h1_t2-eps-converted-to.pdf>
Package pdftex.def Info: images/h1_t2-eps-converted-to.pdf  used on input line 
270.
(pdftex.def)             Requested size: 211.38832pt x 158.54373pt.
Package epstopdf Info: Source file: <images/h1_t3.eps>
(epstopdf)                    date: 2023-05-01 11:29:16
(epstopdf)                    size: 134389 bytes
(epstopdf)             Output file: <images/h1_t3-eps-converted-to.pdf>
(epstopdf)                    date: 2023-05-14 17:11:14
(epstopdf)                    size: 154369 bytes
(epstopdf)             Command: <miktex-epstopdf --outfile=images/h1_t3-eps-con
verted-to.pdf images/h1_t3.eps>
(epstopdf)             \includegraphics on input line 276.
Package epstopdf Info: Output file is already uptodate.


pdfTeX warning: pdflatex.exe (file ./images/h1_t3-eps-converted-to.pdf): PDF in
clusion: found PDF version <1.7>, but at most version <1.5> allowed
<images/h1_t3-eps-converted-to.pdf, id=106, 421.575pt x 316.18124pt>
File: images/h1_t3-eps-converted-to.pdf Graphic file (type pdf)
<use images/h1_t3-eps-converted-to.pdf>
Package pdftex.def Info: images/h1_t3-eps-converted-to.pdf  used on input line 
276.
(pdftex.def)             Requested size: 211.38832pt x 158.54373pt.
Package epstopdf Info: Source file: <images/h1_t4.eps>
(epstopdf)                    date: 2023-05-01 11:29:25
(epstopdf)                    size: 134346 bytes
(epstopdf)             Output file: <images/h1_t4-eps-converted-to.pdf>
(epstopdf)                    date: 2023-05-14 17:11:17
(epstopdf)                    size: 151248 bytes
(epstopdf)             Command: <miktex-epstopdf --outfile=images/h1_t4-eps-con
verted-to.pdf images/h1_t4.eps>
(epstopdf)             \includegraphics on input line 286.
Package epstopdf Info: Output file is already uptodate.


pdfTeX warning: pdflatex.exe (file ./images/h1_t4-eps-converted-to.pdf): PDF in
clusion: found PDF version <1.7>, but at most version <1.5> allowed
<images/h1_t4-eps-converted-to.pdf, id=107, 421.575pt x 316.18124pt>
File: images/h1_t4-eps-converted-to.pdf Graphic file (type pdf)
<use images/h1_t4-eps-converted-to.pdf>
Package pdftex.def Info: images/h1_t4-eps-converted-to.pdf  used on input line 
286.
(pdftex.def)             Requested size: 211.38832pt x 158.54373pt.
[7 <./images/h1_t0-eps-converted-to.pdf> <./images/h1_t1-eps-converted-to.pdf> 
<./images/h1_t2-eps-converted-to.pdf> <./images/h1_t3-eps-converted-to.pdf>]
Package epstopdf Info: Source file: <images/h2_t0.eps>
(epstopdf)                    date: 2023-05-01 11:33:01
(epstopdf)                    size: 48779 bytes
(epstopdf)             Output file: <images/h2_t0-eps-converted-to.pdf>
(epstopdf)                    date: 2023-05-14 17:18:04
(epstopdf)                    size: 41718 bytes
(epstopdf)             Command: <miktex-epstopdf --outfile=images/h2_t0-eps-con
verted-to.pdf images/h2_t0.eps>
(epstopdf)             \includegraphics on input line 301.
Package epstopdf Info: Output file is already uptodate.


pdfTeX warning: pdflatex.exe (file ./images/h2_t0-eps-converted-to.pdf): PDF in
clusion: found PDF version <1.7>, but at most version <1.5> allowed
<images/h2_t0-eps-converted-to.pdf, id=137, 421.575pt x 316.18124pt>
File: images/h2_t0-eps-converted-to.pdf Graphic file (type pdf)
<use images/h2_t0-eps-converted-to.pdf>
Package pdftex.def Info: images/h2_t0-eps-converted-to.pdf  used on input line 
301.
(pdftex.def)             Requested size: 211.38832pt x 158.54373pt.
Package epstopdf Info: Source file: <images/h2_t1.eps>
(epstopdf)                    date: 2023-05-01 11:33:13
(epstopdf)                    size: 57933 bytes
(epstopdf)             Output file: <images/h2_t1-eps-converted-to.pdf>
(epstopdf)                    date: 2023-05-14 17:18:07
(epstopdf)                    size: 53570 bytes
(epstopdf)             Command: <miktex-epstopdf --outfile=images/h2_t1-eps-con
verted-to.pdf images/h2_t1.eps>
(epstopdf)             \includegraphics on input line 307.
Package epstopdf Info: Output file is already uptodate.


pdfTeX warning: pdflatex.exe (file ./images/h2_t1-eps-converted-to.pdf): PDF in
clusion: found PDF version <1.7>, but at most version <1.5> allowed
<images/h2_t1-eps-converted-to.pdf, id=138, 421.575pt x 316.18124pt>
File: images/h2_t1-eps-converted-to.pdf Graphic file (type pdf)
<use images/h2_t1-eps-converted-to.pdf>
Package pdftex.def Info: images/h2_t1-eps-converted-to.pdf  used on input line 
307.
(pdftex.def)             Requested size: 211.38832pt x 158.54373pt.
Package epstopdf Info: Source file: <images/h2_t2.eps>
(epstopdf)                    date: 2023-05-01 11:33:21
(epstopdf)                    size: 59085 bytes
(epstopdf)             Output file: <images/h2_t2-eps-converted-to.pdf>
(epstopdf)                    date: 2023-05-14 17:18:09
(epstopdf)                    size: 54801 bytes
(epstopdf)             Command: <miktex-epstopdf --outfile=images/h2_t2-eps-con
verted-to.pdf images/h2_t2.eps>
(epstopdf)             \includegraphics on input line 316.
Package epstopdf Info: Output file is already uptodate.


pdfTeX warning: pdflatex.exe (file ./images/h2_t2-eps-converted-to.pdf): PDF in
clusion: found PDF version <1.7>, but at most version <1.5> allowed
<images/h2_t2-eps-converted-to.pdf, id=139, 421.575pt x 316.18124pt>
File: images/h2_t2-eps-converted-to.pdf Graphic file (type pdf)
<use images/h2_t2-eps-converted-to.pdf>
Package pdftex.def Info: images/h2_t2-eps-converted-to.pdf  used on input line 
316.
(pdftex.def)             Requested size: 211.38832pt x 158.54373pt.
Package epstopdf Info: Source file: <images/h2_t3.eps>
(epstopdf)                    date: 2023-05-01 11:33:34
(epstopdf)                    size: 56091 bytes
(epstopdf)             Output file: <images/h2_t3-eps-converted-to.pdf>
(epstopdf)                    date: 2023-05-14 17:18:12
(epstopdf)                    size: 51845 bytes
(epstopdf)             Command: <miktex-epstopdf --outfile=images/h2_t3-eps-con
verted-to.pdf images/h2_t3.eps>
(epstopdf)             \includegraphics on input line 322.
Package epstopdf Info: Output file is already uptodate.


pdfTeX warning: pdflatex.exe (file ./images/h2_t3-eps-converted-to.pdf): PDF in
clusion: found PDF version <1.7>, but at most version <1.5> allowed
<images/h2_t3-eps-converted-to.pdf, id=140, 421.575pt x 316.18124pt>
File: images/h2_t3-eps-converted-to.pdf Graphic file (type pdf)
<use images/h2_t3-eps-converted-to.pdf>
Package pdftex.def Info: images/h2_t3-eps-converted-to.pdf  used on input line 
322.
(pdftex.def)             Requested size: 211.38832pt x 158.54373pt.
Package epstopdf Info: Source file: <images/h2_t4.eps>
(epstopdf)                    date: 2023-05-01 11:33:43
(epstopdf)                    size: 59624 bytes
(epstopdf)             Output file: <images/h2_t4-eps-converted-to.pdf>
(epstopdf)                    date: 2023-05-14 17:18:14
(epstopdf)                    size: 55244 bytes
(epstopdf)             Command: <miktex-epstopdf --outfile=images/h2_t4-eps-con
verted-to.pdf images/h2_t4.eps>
(epstopdf)             \includegraphics on input line 332.
Package epstopdf Info: Output file is already uptodate.


pdfTeX warning: pdflatex.exe (file ./images/h2_t4-eps-converted-to.pdf): PDF in
clusion: found PDF version <1.7>, but at most version <1.5> allowed
<images/h2_t4-eps-converted-to.pdf, id=141, 421.575pt x 316.18124pt>
File: images/h2_t4-eps-converted-to.pdf Graphic file (type pdf)
<use images/h2_t4-eps-converted-to.pdf>
Package pdftex.def Info: images/h2_t4-eps-converted-to.pdf  used on input line 
332.
(pdftex.def)             Requested size: 211.38832pt x 158.54373pt.
Package epstopdf Info: Source file: <images/h2_t5.eps>
(epstopdf)                    date: 2023-05-01 11:33:56
(epstopdf)                    size: 56454 bytes
(epstopdf)             Output file: <images/h2_t5-eps-converted-to.pdf>
(epstopdf)                    date: 2023-05-14 17:18:16
(epstopdf)                    size: 52337 bytes
(epstopdf)             Command: <miktex-epstopdf --outfile=images/h2_t5-eps-con
verted-to.pdf images/h2_t5.eps>
(epstopdf)             \includegraphics on input line 338.
Package epstopdf Info: Output file is already uptodate.


pdfTeX warning: pdflatex.exe (file ./images/h2_t5-eps-converted-to.pdf): PDF in
clusion: found PDF version <1.7>, but at most version <1.5> allowed
<images/h2_t5-eps-converted-to.pdf, id=142, 421.575pt x 316.18124pt>
File: images/h2_t5-eps-converted-to.pdf Graphic file (type pdf)
<use images/h2_t5-eps-converted-to.pdf>
Package pdftex.def Info: images/h2_t5-eps-converted-to.pdf  used on input line 
338.
(pdftex.def)             Requested size: 211.38832pt x 158.54373pt.
Package epstopdf Info: Source file: <images/h2_t6.eps>
(epstopdf)                    date: 2023-05-01 11:34:06
(epstopdf)                    size: 61455 bytes
(epstopdf)             Output file: <images/h2_t6-eps-converted-to.pdf>
(epstopdf)                    date: 2023-05-14 17:18:18
(epstopdf)                    size: 89509 bytes
(epstopdf)             Command: <miktex-epstopdf --outfile=images/h2_t6-eps-con
verted-to.pdf images/h2_t6.eps>
(epstopdf)             \includegraphics on input line 349.
Package epstopdf Info: Output file is already uptodate.


pdfTeX warning: pdflatex.exe (file ./images/h2_t6-eps-converted-to.pdf): PDF in
clusion: found PDF version <1.7>, but at most version <1.5> allowed
<images/h2_t6-eps-converted-to.pdf, id=143, 421.575pt x 318.18875pt>
File: images/h2_t6-eps-converted-to.pdf Graphic file (type pdf)
<use images/h2_t6-eps-converted-to.pdf>
Package pdftex.def Info: images/h2_t6-eps-converted-to.pdf  used on input line 
349.
(pdftex.def)             Requested size: 211.38832pt x 159.55035pt.
[8 <./images/h1_t4-eps-converted-to.pdf> <./images/h2_t0-eps-converted-to.pdf> 
<./images/h2_t1-eps-converted-to.pdf>] [9 <./images/h2_t2-eps-converted-to.pdf>
 <./images/h2_t3-eps-converted-to.pdf> <./images/h2_t4-eps-converted-to.pdf> <.
/images/h2_t5-eps-converted-to.pdf> <./images/h2_t6-eps-converted-to.pdf>]
Package epstopdf Info: Source file: <images/h3_t1.eps>
(epstopdf)                    date: 2023-05-14 18:10:35
(epstopdf)                    size: 57927 bytes
(epstopdf)             Output file: <images/h3_t1-eps-converted-to.pdf>
(epstopdf)                    date: 2023-05-14 18:11:43
(epstopdf)                    size: 53558 bytes
(epstopdf)             Command: <miktex-epstopdf --outfile=images/h3_t1-eps-con
verted-to.pdf images/h3_t1.eps>
(epstopdf)             \includegraphics on input line 360.
Package epstopdf Info: Output file is already uptodate.


pdfTeX warning: pdflatex.exe (file ./images/h3_t1-eps-converted-to.pdf): PDF in
clusion: found PDF version <1.7>, but at most version <1.5> allowed
<images/h3_t1-eps-converted-to.pdf, id=198, 421.575pt x 316.18124pt>
File: images/h3_t1-eps-converted-to.pdf Graphic file (type pdf)
<use images/h3_t1-eps-converted-to.pdf>
Package pdftex.def Info: images/h3_t1-eps-converted-to.pdf  used on input line 
360.
(pdftex.def)             Requested size: 211.38832pt x 158.54373pt.
Package epstopdf Info: Source file: <images/h3_t2.eps>
(epstopdf)                    date: 2023-05-14 18:10:51
(epstopdf)                    size: 55968 bytes
(epstopdf)             Output file: <images/h3_t2-eps-converted-to.pdf>
(epstopdf)                    date: 2023-05-14 18:11:46
(epstopdf)                    size: 51772 bytes
(epstopdf)             Command: <miktex-epstopdf --outfile=images/h3_t2-eps-con
verted-to.pdf images/h3_t2.eps>
(epstopdf)             \includegraphics on input line 366.
Package epstopdf Info: Output file is already uptodate.


pdfTeX warning: pdflatex.exe (file ./images/h3_t2-eps-converted-to.pdf): PDF in
clusion: found PDF version <1.7>, but at most version <1.5> allowed
<images/h3_t2-eps-converted-to.pdf, id=199, 421.575pt x 316.18124pt>
File: images/h3_t2-eps-converted-to.pdf Graphic file (type pdf)
<use images/h3_t2-eps-converted-to.pdf>
Package pdftex.def Info: images/h3_t2-eps-converted-to.pdf  used on input line 
366.
(pdftex.def)             Requested size: 211.38832pt x 158.54373pt.
Package epstopdf Info: Source file: <images/h3_t3.eps>
(epstopdf)                    date: 2023-05-14 18:11:02
(epstopdf)                    size: 58645 bytes
(epstopdf)             Output file: <images/h3_t3-eps-converted-to.pdf>
(epstopdf)                    date: 2023-05-14 18:11:50
(epstopdf)                    size: 55940 bytes
(epstopdf)             Command: <miktex-epstopdf --outfile=images/h3_t3-eps-con
verted-to.pdf images/h3_t3.eps>
(epstopdf)             \includegraphics on input line 376.
Package epstopdf Info: Output file is already uptodate.


pdfTeX warning: pdflatex.exe (file ./images/h3_t3-eps-converted-to.pdf): PDF in
clusion: found PDF version <1.7>, but at most version <1.5> allowed
<images/h3_t3-eps-converted-to.pdf, id=200, 421.575pt x 311.1625pt>
File: images/h3_t3-eps-converted-to.pdf Graphic file (type pdf)
<use images/h3_t3-eps-converted-to.pdf>
Package pdftex.def Info: images/h3_t3-eps-converted-to.pdf  used on input line 
376.
(pdftex.def)             Requested size: 211.38832pt x 156.02718pt.
Package epstopdf Info: Source file: <images/h3_t4.eps>
(epstopdf)                    date: 2023-05-14 18:11:11
(epstopdf)                    size: 59696 bytes
(epstopdf)             Output file: <images/h3_t4-eps-converted-to.pdf>
(epstopdf)                    date: 2023-05-14 18:11:53
(epstopdf)                    size: 57190 bytes
(epstopdf)             Command: <miktex-epstopdf --outfile=images/h3_t4-eps-con
verted-to.pdf images/h3_t4.eps>
(epstopdf)             \includegraphics on input line 382.
Package epstopdf Info: Output file is already uptodate.


pdfTeX warning: pdflatex.exe (file ./images/h3_t4-eps-converted-to.pdf): PDF in
clusion: found PDF version <1.7>, but at most version <1.5> allowed
<images/h3_t4-eps-converted-to.pdf, id=201, 421.575pt x 316.18124pt>
File: images/h3_t4-eps-converted-to.pdf Graphic file (type pdf)
<use images/h3_t4-eps-converted-to.pdf>
Package pdftex.def Info: images/h3_t4-eps-converted-to.pdf  used on input line 
382.
(pdftex.def)             Requested size: 211.38832pt x 158.54373pt.
[10 <./images/h3_t1-eps-converted-to.pdf> <./images/h3_t2-eps-converted-to.pdf>
 <./images/h3_t3-eps-converted-to.pdf> <./images/h3_t4-eps-converted-to.pdf>]
Package epstopdf Info: Source file: <images/h4_t1.eps>
(epstopdf)                    date: 2023-05-14 18:17:50
(epstopdf)                    size: 59596 bytes
(epstopdf)             Output file: <images/h4_t1-eps-converted-to.pdf>
(epstopdf)                    date: 2023-05-14 18:19:08
(epstopdf)                    size: 55134 bytes
(epstopdf)             Command: <miktex-epstopdf --outfile=images/h4_t1-eps-con
verted-to.pdf images/h4_t1.eps>
(epstopdf)             \includegraphics on input line 396.
Package epstopdf Info: Output file is already uptodate.


pdfTeX warning: pdflatex.exe (file ./images/h4_t1-eps-converted-to.pdf): PDF in
clusion: found PDF version <1.7>, but at most version <1.5> allowed
<images/h4_t1-eps-converted-to.pdf, id=229, 421.575pt x 316.18124pt>
File: images/h4_t1-eps-converted-to.pdf Graphic file (type pdf)
<use images/h4_t1-eps-converted-to.pdf>
Package pdftex.def Info: images/h4_t1-eps-converted-to.pdf  used on input line 
396.
(pdftex.def)             Requested size: 211.38832pt x 158.54373pt.
Package epstopdf Info: Source file: <images/h4_t2.eps>
(epstopdf)                    date: 2023-05-14 18:18:01
(epstopdf)                    size: 55999 bytes
(epstopdf)             Output file: <images/h4_t2-eps-converted-to.pdf>
(epstopdf)                    date: 2023-05-14 18:19:10
(epstopdf)                    size: 51518 bytes
(epstopdf)             Command: <miktex-epstopdf --outfile=images/h4_t2-eps-con
verted-to.pdf images/h4_t2.eps>
(epstopdf)             \includegraphics on input line 402.
Package epstopdf Info: Output file is already uptodate.


pdfTeX warning: pdflatex.exe (file ./images/h4_t2-eps-converted-to.pdf): PDF in
clusion: found PDF version <1.7>, but at most version <1.5> allowed
<images/h4_t2-eps-converted-to.pdf, id=230, 421.575pt x 316.18124pt>
File: images/h4_t2-eps-converted-to.pdf Graphic file (type pdf)
<use images/h4_t2-eps-converted-to.pdf>
Package pdftex.def Info: images/h4_t2-eps-converted-to.pdf  used on input line 
402.
(pdftex.def)             Requested size: 211.38832pt x 158.54373pt.
Package epstopdf Info: Source file: <images/h4_t3.eps>
(epstopdf)                    date: 2023-05-14 18:18:08
(epstopdf)                    size: 55826 bytes
(epstopdf)             Output file: <images/h4_t3-eps-converted-to.pdf>
(epstopdf)                    date: 2023-05-14 18:19:13
(epstopdf)                    size: 51350 bytes
(epstopdf)             Command: <miktex-epstopdf --outfile=images/h4_t3-eps-con
verted-to.pdf images/h4_t3.eps>
(epstopdf)             \includegraphics on input line 412.
Package epstopdf Info: Output file is already uptodate.


pdfTeX warning: pdflatex.exe (file ./images/h4_t3-eps-converted-to.pdf): PDF in
clusion: found PDF version <1.7>, but at most version <1.5> allowed
<images/h4_t3-eps-converted-to.pdf, id=231, 421.575pt x 316.18124pt>
File: images/h4_t3-eps-converted-to.pdf Graphic file (type pdf)
<use images/h4_t3-eps-converted-to.pdf>
Package pdftex.def Info: images/h4_t3-eps-converted-to.pdf  used on input line 
412.
(pdftex.def)             Requested size: 211.38832pt x 158.54373pt.
Package epstopdf Info: Source file: <images/h4_t4.eps>
(epstopdf)                    date: 2023-05-14 18:18:19
(epstopdf)                    size: 56130 bytes
(epstopdf)             Output file: <images/h4_t4-eps-converted-to.pdf>
(epstopdf)                    date: 2023-05-14 18:19:16
(epstopdf)                    size: 51667 bytes
(epstopdf)             Command: <miktex-epstopdf --outfile=images/h4_t4-eps-con
verted-to.pdf images/h4_t4.eps>
(epstopdf)             \includegraphics on input line 418.
Package epstopdf Info: Output file is already uptodate.


pdfTeX warning: pdflatex.exe (file ./images/h4_t4-eps-converted-to.pdf): PDF in
clusion: found PDF version <1.7>, but at most version <1.5> allowed
<images/h4_t4-eps-converted-to.pdf, id=232, 421.575pt x 316.18124pt>
File: images/h4_t4-eps-converted-to.pdf Graphic file (type pdf)
<use images/h4_t4-eps-converted-to.pdf>
Package pdftex.def Info: images/h4_t4-eps-converted-to.pdf  used on input line 
418.
(pdftex.def)             Requested size: 211.38832pt x 158.54373pt.
[11 <./images/h4_t1-eps-converted-to.pdf> <./images/h4_t2-eps-converted-to.pdf>
 <./images/h4_t3-eps-converted-to.pdf> <./images/h4_t4-eps-converted-to.pdf>]
Package epstopdf Info: Source file: <images/dispersal.eps>
(epstopdf)                    date: 2023-05-15 16:03:56
(epstopdf)                    size: 80730 bytes
(epstopdf)             Output file: <images/dispersal-eps-converted-to.pdf>
(epstopdf)                    date: 2023-05-15 16:10:59
(epstopdf)                    size: 69170 bytes
(epstopdf)             Command: <miktex-epstopdf --outfile=images/dispersal-eps
-converted-to.pdf images/dispersal.eps>
(epstopdf)             \includegraphics on input line 459.
Package epstopdf Info: Output file is already uptodate.


pdfTeX warning: pdflatex.exe (file ./images/dispersal-eps-converted-to.pdf): PD
F inclusion: found PDF version <1.7>, but at most version <1.5> allowed
<images/dispersal-eps-converted-to.pdf, id=260, 421.575pt x 316.18124pt>
File: images/dispersal-eps-converted-to.pdf Graphic file (type pdf)
<use images/dispersal-eps-converted-to.pdf>
Package pdftex.def Info: images/dispersal-eps-converted-to.pdf  used on input l
ine 459.
(pdftex.def)             Requested size: 352.31625pt x 264.23956pt.

LaTeX Warning: `h' float specifier changed to `ht'.

[12] [13 <./images/dispersal-eps-converted-to.pdf>]
(1807730 Numerical Methods.aux)

LaTeX Warning: There were multiply-defined labels.

 ) 
Here is how much of TeX's memory you used:
 4377 strings out of 475385
 79315 string characters out of 2774075
 430313 words of memory out of 3000000
 25705 multiletter control sequences out of 15000+600000
 476044 words of font info for 55 fonts, out of 8000000 for 9000
 1141 hyphenation exceptions out of 8191
 67i,11n,77p,580b,534s stack positions out of 10000i,1000n,20000p,200000b,80000s
<C:/Users/David.Blair/AppData/Local/Programs/MiKTeX/fonts/type1/public/amsfon
ts/cm/cmbx12.pfb><C:/Users/David.Blair/AppData/Local/Programs/MiKTeX/fonts/type
1/public/amsfonts/cm/cmex10.pfb><C:/Users/David.Blair/AppData/Local/Programs/Mi
KTeX/fonts/type1/public/amsfonts/cm/cmmi10.pfb><C:/Users/David.Blair/AppData/Lo
cal/Programs/MiKTeX/fonts/type1/public/amsfonts/cm/cmmi7.pfb><C:/Users/David.Bl
air/AppData/Local/Programs/MiKTeX/fonts/type1/public/amsfonts/cm/cmmi9.pfb><C:/
Users/David.Blair/AppData/Local/Programs/MiKTeX/fonts/type1/public/amsfonts/cm/
cmr10.pfb><C:/Users/David.Blair/AppData/Local/Programs/MiKTeX/fonts/type1/publi
c/amsfonts/cm/cmr12.pfb><C:/Users/David.Blair/AppData/Local/Programs/MiKTeX/fon
ts/type1/public/amsfonts/cm/cmr7.pfb><C:/Users/David.Blair/AppData/Local/Progra
ms/MiKTeX/fonts/type1/public/amsfonts/cm/cmr9.pfb><C:/Users/David.Blair/AppData
/Local/Programs/MiKTeX/fonts/type1/public/amsfonts/cm/cmsy10.pfb><C:/Users/Davi
d.Blair/AppData/Local/Programs/MiKTeX/fonts/type1/public/amsfonts/cm/cmsy7.pfb>
<C:/Users/David.Blair/AppData/Local/Programs/MiKTeX/fonts/type1/public/amsfonts
/cm/cmtt10.pfb><C:/Users/David.Blair/AppData/Local/Programs/MiKTeX/fonts/type1/
public/amsfonts/symbols/msbm10.pfb>
Output written on "1807730 Numerical Methods.pdf" (13 pages, 3898211 bytes).
PDF statistics:
 328 PDF objects out of 1000 (max. 8388607)
 0 named destinations out of 1000 (max. 500000)
 156 words of extra memory for PDF output out of 10000 (max. 10000000)

